#
# There is insufficient memory for the Java Runtime Environment to continue.
# Native memory allocation (malloc) failed to allocate 1048576 bytes. Error detail: AllocateHeap
# Possible reasons:
#   The system is out of physical RAM or swap space
#   This process is running with CompressedOops enabled, and the Java Heap may be blocking the growth of the native heap
# Possible solutions:
#   Reduce memory load on the system
#   Increase physical memory or swap space
#   Check if swap backing store is full
#   Decrease Java heap size (-Xmx/-Xms)
#   Decrease number of Java threads
#   Decrease Java thread stack sizes (-Xss)
#   Set larger code cache with -XX:ReservedCodeCacheSize=
#   JVM is running with Unscaled Compressed Oops mode in which the Java heap is
#     placed in the first 4GB address space. The Java Heap base address is the
#     maximum limit for the native heap growth. Please use -XX:HeapBaseMinAddress
#     to set the Java Heap base and to place the Java Heap above 4GB virtual address.
# This output file may be truncated or incomplete.
#
#  Out of Memory Error (allocation.cpp:44), pid=1356, tid=15316
#
# JRE version: OpenJDK Runtime Environment Temurin-17.0.11+9 (17.0.11+9) (build 17.0.11+9)
# Java VM: OpenJDK 64-Bit Server VM Temurin-17.0.11+9 (17.0.11+9, mixed mode, emulated-client, tiered, compressed oops, compressed class ptrs, g1 gc, windows-amd64)
# No core dump will be written. Minidumps are not enabled by default on client versions of Windows
#

---------------  S U M M A R Y ------------

Command Line: -Xmx1024m -Dsts.lsp.client=vscode -Dsts.log.file=/dev/null -XX:TieredStopAtLevel=1 -Xlog:jni+resolve=off -Dspring.config.location=file:c:\Users\PC\.vscode\extensions\vmware.vscode-spring-boot-1.55.2024060404\language-server\BOOT-INF\classes\application.properties org.springframework.ide.vscode.boot.app.BootLanguageServerBootApp

Host: AMD Ryzen 5 5600H with Radeon Graphics         , 12 cores, 7G,  Windows 11 , 64 bit Build 22621 (10.0.22621.3672)
Time: Wed Jun  5 21:33:55 2024 SE Asia Standard Time elapsed time: 786.408449 seconds (0d 0h 13m 6s)

---------------  T H R E A D  ---------------

Current thread (0x0000021280c666f0):  VMThread "VM Thread" [stack: 0x00000047b8b00000,0x00000047b8c00000] [id=15316]

Stack: [0x00000047b8b00000,0x00000047b8c00000]
Native frames: (J=compiled Java code, j=interpreted, Vv=VM code, C=native code)
V  [jvm.dll+0x67d429]
V  [jvm.dll+0x834b7a]
V  [jvm.dll+0x83663e]
V  [jvm.dll+0x836ca3]
V  [jvm.dll+0x247dbf]
V  [jvm.dll+0xa6cb3]
V  [jvm.dll+0x2f8ad3]
V  [jvm.dll+0x2f4750]
V  [jvm.dll+0x2dcf67]
V  [jvm.dll+0x31fb67]
V  [jvm.dll+0x83b19b]
V  [jvm.dll+0x83bed2]
V  [jvm.dll+0x83c3ed]
V  [jvm.dll+0x83c7c4]
V  [jvm.dll+0x83c890]
V  [jvm.dll+0x7e410a]
V  [jvm.dll+0x67c315]
C  [ucrtbase.dll+0x29333]
C  [KERNEL32.DLL+0x1257d]
C  [ntdll.dll+0x5aa48]

VM_Operation (0x00000047ba6fef40): G1CollectFull, mode: safepoint, requested by thread 0x00000212868cd820


---------------  P R O C E S S  ---------------

Threads class SMR info:
_java_thread_list=0x00000212855e09e0, length=24, elements={
0x0000021280c89060, 0x0000021280c8ae00, 0x00000212850323d0, 0x0000021285035070,
0x0000021285035940, 0x0000021285015550, 0x000002128501aa60, 0x000002128501db30,
0x000002128525c5e0, 0x0000021285266630, 0x00000212868ba030, 0x00000212868cd820,
0x00000212868d0520, 0x00000212f59a8ae0, 0x00000212869568f0, 0x000002128698f470,
0x00000212864e7a90, 0x00000212864e7fa0, 0x00000212864e89c0, 0x00000212864e84b0,
0x0000021286a34e10, 0x0000021286a35d40, 0x0000021286a34900, 0x0000021286a35320
}

Java Threads: ( => current thread )
  0x0000021280c89060 JavaThread "Reference Handler" daemon [_thread_blocked, id=13756, stack(0x00000047b8c00000,0x00000047b8d00000)]
  0x0000021280c8ae00 JavaThread "Finalizer" daemon [_thread_blocked, id=7724, stack(0x00000047b8d00000,0x00000047b8e00000)]
  0x00000212850323d0 JavaThread "Signal Dispatcher" daemon [_thread_blocked, id=17020, stack(0x00000047b8e00000,0x00000047b8f00000)]
  0x0000021285035070 JavaThread "Attach Listener" daemon [_thread_blocked, id=15164, stack(0x00000047b8f00000,0x00000047b9000000)]
  0x0000021285035940 JavaThread "Service Thread" daemon [_thread_blocked, id=8752, stack(0x00000047b9000000,0x00000047b9100000)]
  0x0000021285015550 JavaThread "Monitor Deflation Thread" daemon [_thread_blocked, id=17044, stack(0x00000047b9100000,0x00000047b9200000)]
  0x000002128501aa60 JavaThread "C1 CompilerThread0" daemon [_thread_blocked, id=10360, stack(0x00000047b9200000,0x00000047b9300000)]
  0x000002128501db30 JavaThread "Sweeper thread" daemon [_thread_blocked, id=1564, stack(0x00000047b9300000,0x00000047b9400000)]
  0x000002128525c5e0 JavaThread "Notification Thread" daemon [_thread_blocked, id=17440, stack(0x00000047b9500000,0x00000047b9600000)]
  0x0000021285266630 JavaThread "Common-Cleaner" daemon [_thread_blocked, id=18172, stack(0x00000047b9700000,0x00000047b9800000)]
  0x00000212868ba030 JavaThread "boundedElastic-evictor-1" daemon [_thread_blocked, id=12456, stack(0x00000047b9e00000,0x00000047b9f00000)]
  0x00000212868cd820 JavaThread "pool-13-thread-1" [_thread_blocked, id=13988, stack(0x00000047ba600000,0x00000047ba700000)]
  0x00000212868d0520 JavaThread "LanguageServerApp-lifecycle" [_thread_blocked, id=18416, stack(0x00000047ba700000,0x00000047ba800000)]
  0x00000212f59a8ae0 JavaThread "DestroyJavaVM" [_thread_blocked, id=5708, stack(0x00000047b8500000,0x00000047b8600000)]
  0x00000212869568f0 JavaThread "pool-14-thread-1" [_thread_in_native, id=11116, stack(0x00000047ba800000,0x00000047ba900000)]
  0x000002128698f470 JavaThread "Simple-Language-Server main thread" daemon [_thread_blocked, id=11272, stack(0x00000047ba900000,0x00000047baa00000)]
  0x00000212864e7a90 JavaThread "parallel-1" daemon [_thread_blocked, id=2044, stack(0x00000047bac00000,0x00000047bad00000)]
  0x00000212864e7fa0 JavaThread "pool-6-thread-1" [_thread_blocked, id=10640, stack(0x00000047bad00000,0x00000047bae00000)]
  0x00000212864e89c0 JavaThread "parallel-2" daemon [_thread_blocked, id=9668, stack(0x00000047bae00000,0x00000047baf00000)]
  0x00000212864e84b0 JavaThread "parallel-3" daemon [_thread_blocked, id=12784, stack(0x00000047baf00000,0x00000047bb000000)]
  0x0000021286a34e10 JavaThread "parallel-4" daemon [_thread_blocked, id=13096, stack(0x00000047bb300000,0x00000047bb400000)]
  0x0000021286a35d40 JavaThread "parallel-5" daemon [_thread_blocked, id=1380, stack(0x00000047bb400000,0x00000047bb500000)]
  0x0000021286a34900 JavaThread "Reconciler-1" daemon [_thread_blocked, id=8944, stack(0x00000047bb500000,0x00000047bb600000)]
  0x0000021286a35320 JavaThread "CompletableFutureDelayScheduler" daemon [_thread_blocked, id=12748, stack(0x00000047bb600000,0x00000047bb700000)]

Other Threads:
=>0x0000021280c666f0 VMThread "VM Thread" [stack: 0x00000047b8b00000,0x00000047b8c00000] [id=15316]
  0x000002128525d6e0 WatcherThread [stack: 0x00000047b9600000,0x00000047b9700000] [id=5900]
  0x00000212f59e8520 GCTaskThread "GC Thread#0" [stack: 0x00000047b8600000,0x00000047b8700000] [id=15656]
  0x0000021285bfec90 GCTaskThread "GC Thread#1" [stack: 0x00000047b9800000,0x00000047b9900000] [id=7184]
  0x0000021285d78a20 GCTaskThread "GC Thread#2" [stack: 0x00000047b9900000,0x00000047b9a00000] [id=4812]
  0x0000021285d78ce0 GCTaskThread "GC Thread#3" [stack: 0x00000047b9a00000,0x00000047b9b00000] [id=4412]
  0x0000021285ef1460 GCTaskThread "GC Thread#4" [stack: 0x00000047b9b00000,0x00000047b9c00000] [id=7656]
  0x0000021285ef1720 GCTaskThread "GC Thread#5" [stack: 0x00000047b9c00000,0x00000047b9d00000] [id=19856]
  0x0000021286246d20 GCTaskThread "GC Thread#6" [stack: 0x00000047ba000000,0x00000047ba100000] [id=18908]
  0x0000021286254690 GCTaskThread "GC Thread#7" [stack: 0x00000047ba100000,0x00000047ba200000] [id=13792]
  0x0000021286254950 GCTaskThread "GC Thread#8" [stack: 0x00000047ba200000,0x00000047ba300000] [id=19712]
  0x0000021286254c10 GCTaskThread "GC Thread#9" [stack: 0x00000047ba300000,0x00000047ba400000] [id=17460]
  0x00000212f59f1380 ConcurrentGCThread "G1 Main Marker" [stack: 0x00000047b8700000,0x00000047b8800000] [id=18324]
  0x00000212f59f1cb0 ConcurrentGCThread "G1 Conc#0" [stack: 0x00000047b8800000,0x00000047b8900000] [id=12892]
  0x00000212860c7800 ConcurrentGCThread "G1 Conc#1" [stack: 0x00000047ba400000,0x00000047ba500000] [id=8056]
  0x00000212860c5fd0 ConcurrentGCThread "G1 Conc#2" [stack: 0x00000047ba500000,0x00000047ba600000] [id=1988]
  0x00000212f5a4ecb0 ConcurrentGCThread "G1 Refine#0" [stack: 0x00000047b8900000,0x00000047b8a00000] [id=17644]
  0x0000021280ae77a0 ConcurrentGCThread "G1 Service" [stack: 0x00000047b8a00000,0x00000047b8b00000] [id=14028]

Threads with active compile tasks:

VM state: at safepoint (normal execution)

VM Mutex/Monitor currently owned by a thread:  ([mutex/lock_event])
[0x00000212f3882300] Threads_lock - owner thread: 0x0000021280c666f0
[0x00000212f387cfe0] Heap_lock - owner thread: 0x00000212868cd820

Heap address: 0x00000000c0000000, size: 1024 MB, Compressed Oops mode: 32-bit

CDS archive(s) not mapped
Compressed class space mapped at: 0x0000000100000000-0x0000000140000000, reserved size: 1073741824
Narrow klass base: 0x0000000000000000, Narrow klass shift: 3, Narrow klass range: 0x140000000

GC Precious Log:
 CPUs: 12 total, 12 available
 Memory: 7562M
 Large Page Support: Disabled
 NUMA Support: Disabled
 Compressed Oops: Enabled (32-bit)
 Heap Region Size: 1M
 Heap Min Capacity: 8M
 Heap Initial Capacity: 120M
 Heap Max Capacity: 1G
 Pre-touch: Disabled
 Parallel Workers: 10
 Concurrent Workers: 3
 Concurrent Refinement Workers: 10
 Periodic GC: Disabled

Heap:
 garbage-first heap   total 116736K, used 33622K [0x00000000c0000000, 0x0000000100000000)
  region size 1024K, 1 young (1024K), 0 survivors (0K)
 Metaspace       used 61618K, committed 62336K, reserved 1114112K
  class space    used 7786K, committed 8128K, reserved 1048576K

Heap Regions: E=young(eden), S=young(survivor), O=old, HS=humongous(starts), HC=humongous(continues), CS=collection set, F=free, OA=open archive, CA=closed archive, TAMS=top-at-mark-start (previous, next)
|   0|0x00000000c0000000, 0x00000000c0100000, 0x00000000c0100000|100%|HS|  |TAMS 0x00000000c0100000, 0x00000000c0000000| Untracked 
|   1|0x00000000c0100000, 0x00000000c0200000, 0x00000000c0200000|100%|HC|  |TAMS 0x00000000c0200000, 0x00000000c0100000| Untracked 
|   2|0x00000000c0200000, 0x00000000c0300000, 0x00000000c0300000|100%|HC|  |TAMS 0x00000000c0300000, 0x00000000c0200000| Untracked 
|   3|0x00000000c0300000, 0x00000000c0400000, 0x00000000c0400000|100%|HC|  |TAMS 0x00000000c0400000, 0x00000000c0300000| Untracked 
|   4|0x00000000c0400000, 0x00000000c0500000, 0x00000000c0500000|100%|HS|  |TAMS 0x00000000c0500000, 0x00000000c0400000| Untracked 
|   5|0x00000000c0500000, 0x00000000c0600000, 0x00000000c0600000|100%|HC|  |TAMS 0x00000000c0600000, 0x00000000c0500000| Untracked 
|   6|0x00000000c0600000, 0x00000000c0700000, 0x00000000c0700000|100%| O|  |TAMS 0x00000000c0700000, 0x00000000c0600000| Untracked 
|   7|0x00000000c0700000, 0x00000000c0800000, 0x00000000c0800000|100%| O|  |TAMS 0x00000000c0800000, 0x00000000c0700000| Untracked 
|   8|0x00000000c0800000, 0x00000000c0900000, 0x00000000c0900000|100%| O|  |TAMS 0x00000000c0900000, 0x00000000c0800000| Untracked 
|   9|0x00000000c0900000, 0x00000000c09ffff0, 0x00000000c0a00000| 99%| O|  |TAMS 0x00000000c09ffff0, 0x00000000c0900000| Untracked 
|  10|0x00000000c0a00000, 0x00000000c0b00000, 0x00000000c0b00000|100%| O|  |TAMS 0x00000000c0b00000, 0x00000000c0a00000| Untracked 
|  11|0x00000000c0b00000, 0x00000000c0bffff0, 0x00000000c0c00000| 99%| O|  |TAMS 0x00000000c0bffff0, 0x00000000c0b00000| Untracked 
|  12|0x00000000c0c00000, 0x00000000c0d00000, 0x00000000c0d00000|100%| O|  |TAMS 0x00000000c0d00000, 0x00000000c0c00000| Untracked 
|  13|0x00000000c0d00000, 0x00000000c0dffc60, 0x00000000c0e00000| 99%| O|  |TAMS 0x00000000c0dffc60, 0x00000000c0d00000| Untracked 
|  14|0x00000000c0e00000, 0x00000000c0f00000, 0x00000000c0f00000|100%| O|  |TAMS 0x00000000c0f00000, 0x00000000c0e00000| Untracked 
|  15|0x00000000c0f00000, 0x00000000c1000000, 0x00000000c1000000|100%| O|  |TAMS 0x00000000c1000000, 0x00000000c0f00000| Untracked 
|  16|0x00000000c1000000, 0x00000000c10ffff8, 0x00000000c1100000| 99%| O|  |TAMS 0x00000000c10ffff8, 0x00000000c1000000| Untracked 
|  17|0x00000000c1100000, 0x00000000c11ffff0, 0x00000000c1200000| 99%| O|  |TAMS 0x00000000c11ffff0, 0x00000000c1100000| Untracked 
|  18|0x00000000c1200000, 0x00000000c12fece0, 0x00000000c1300000| 99%| O|  |TAMS 0x00000000c12fece0, 0x00000000c1200000| Untracked 
|  19|0x00000000c1300000, 0x00000000c1400000, 0x00000000c1400000|100%| O|  |TAMS 0x00000000c1400000, 0x00000000c1300000| Untracked 
|  20|0x00000000c1400000, 0x00000000c14ffff0, 0x00000000c1500000| 99%| O|  |TAMS 0x00000000c14ffff0, 0x00000000c1400000| Untracked 
|  21|0x00000000c1500000, 0x00000000c15ff638, 0x00000000c1600000| 99%| O|  |TAMS 0x00000000c15ff638, 0x00000000c1500000| Untracked 
|  22|0x00000000c1600000, 0x00000000c16fffe8, 0x00000000c1700000| 99%| O|  |TAMS 0x00000000c16fffe8, 0x00000000c1600000| Untracked 
|  23|0x00000000c1700000, 0x00000000c17fffd0, 0x00000000c1800000| 99%| O|  |TAMS 0x00000000c17fffd0, 0x00000000c1700000| Untracked 
|  24|0x00000000c1800000, 0x00000000c18ffff8, 0x00000000c1900000| 99%| O|  |TAMS 0x00000000c18ffff8, 0x00000000c1800000| Untracked 
|  25|0x00000000c1900000, 0x00000000c19fffd8, 0x00000000c1a00000| 99%| O|  |TAMS 0x00000000c19fffd8, 0x00000000c1900000| Untracked 
|  26|0x00000000c1a00000, 0x00000000c1affff0, 0x00000000c1b00000| 99%| O|  |TAMS 0x00000000c1affff0, 0x00000000c1a00000| Untracked 
|  27|0x00000000c1b00000, 0x00000000c1bfffc0, 0x00000000c1c00000| 99%| O|  |TAMS 0x00000000c1bfffc0, 0x00000000c1b00000| Untracked 
|  28|0x00000000c1c00000, 0x00000000c1cfffd0, 0x00000000c1d00000| 99%| O|  |TAMS 0x00000000c1cfffd0, 0x00000000c1c00000| Untracked 
|  29|0x00000000c1d00000, 0x00000000c1dfffe8, 0x00000000c1e00000| 99%| O|  |TAMS 0x00000000c1dfffe8, 0x00000000c1d00000| Untracked 
|  30|0x00000000c1e00000, 0x00000000c1e6b158, 0x00000000c1f00000| 41%| O|  |TAMS 0x00000000c1e00000, 0x00000000c1e00000| Untracked 
|  31|0x00000000c1f00000, 0x00000000c1f6cc40, 0x00000000c2000000| 42%| O|  |TAMS 0x00000000c1f00000, 0x00000000c1f00000| Untracked 
|  32|0x00000000c2000000, 0x00000000c2000000, 0x00000000c2100000|  0%| F|  |TAMS 0x00000000c2000000, 0x00000000c2000000| Untracked 
|  33|0x00000000c2100000, 0x00000000c2100000, 0x00000000c2200000|  0%| F|  |TAMS 0x00000000c2100000, 0x00000000c2100000| Untracked 
|  34|0x00000000c2200000, 0x00000000c2200000, 0x00000000c2300000|  0%| F|  |TAMS 0x00000000c2200000, 0x00000000c2200000| Untracked 
|  35|0x00000000c2300000, 0x00000000c2300000, 0x00000000c2400000|  0%| F|  |TAMS 0x00000000c2300000, 0x00000000c2300000| Untracked 
|  36|0x00000000c2400000, 0x00000000c2400000, 0x00000000c2500000|  0%| F|  |TAMS 0x00000000c2400000, 0x00000000c2400000| Untracked 
|  37|0x00000000c2500000, 0x00000000c2500000, 0x00000000c2600000|  0%| F|  |TAMS 0x00000000c2500000, 0x00000000c2500000| Untracked 
|  38|0x00000000c2600000, 0x00000000c2600000, 0x00000000c2700000|  0%| F|  |TAMS 0x00000000c2600000, 0x00000000c2600000| Untracked 
|  39|0x00000000c2700000, 0x00000000c2800000, 0x00000000c2800000|100%| O|  |TAMS 0x00000000c2800000, 0x00000000c2700000| Untracked 
|  40|0x00000000c2800000, 0x00000000c2800000, 0x00000000c2900000|  0%| F|  |TAMS 0x00000000c2800000, 0x00000000c2800000| Untracked 
|  41|0x00000000c2900000, 0x00000000c2900000, 0x00000000c2a00000|  0%| F|  |TAMS 0x00000000c2900000, 0x00000000c2900000| Untracked 
|  42|0x00000000c2a00000, 0x00000000c2a00000, 0x00000000c2b00000|  0%| F|  |TAMS 0x00000000c2a00000, 0x00000000c2a00000| Untracked 
|  43|0x00000000c2b00000, 0x00000000c2b00000, 0x00000000c2c00000|  0%| F|  |TAMS 0x00000000c2b00000, 0x00000000c2b00000| Untracked 
|  44|0x00000000c2c00000, 0x00000000c2cfffe8, 0x00000000c2d00000| 99%| O|  |TAMS 0x00000000c2cfffe8, 0x00000000c2c00000| Untracked 
|  45|0x00000000c2d00000, 0x00000000c2d00000, 0x00000000c2e00000|  0%| F|  |TAMS 0x00000000c2d00000, 0x00000000c2d00000| Untracked 
|  46|0x00000000c2e00000, 0x00000000c2e00000, 0x00000000c2f00000|  0%| F|  |TAMS 0x00000000c2e00000, 0x00000000c2e00000| Untracked 
|  47|0x00000000c2f00000, 0x00000000c2f00000, 0x00000000c3000000|  0%| F|  |TAMS 0x00000000c2f00000, 0x00000000c2f00000| Untracked 
|  48|0x00000000c3000000, 0x00000000c3000000, 0x00000000c3100000|  0%| F|  |TAMS 0x00000000c3000000, 0x00000000c3000000| Untracked 
|  49|0x00000000c3100000, 0x00000000c3100000, 0x00000000c3200000|  0%| F|  |TAMS 0x00000000c3100000, 0x00000000c3100000| Untracked 
|  50|0x00000000c3200000, 0x00000000c3200000, 0x00000000c3300000|  0%| F|  |TAMS 0x00000000c3200000, 0x00000000c3200000| Untracked 
|  51|0x00000000c3300000, 0x00000000c3300000, 0x00000000c3400000|  0%| F|  |TAMS 0x00000000c3300000, 0x00000000c3300000| Untracked 
|  52|0x00000000c3400000, 0x00000000c3400000, 0x00000000c3500000|  0%| F|  |TAMS 0x00000000c3400000, 0x00000000c3400000| Untracked 
|  53|0x00000000c3500000, 0x00000000c3500000, 0x00000000c3600000|  0%| F|  |TAMS 0x00000000c3500000, 0x00000000c3500000| Untracked 
|  54|0x00000000c3600000, 0x00000000c3600000, 0x00000000c3700000|  0%| F|  |TAMS 0x00000000c3600000, 0x00000000c3600000| Untracked 
|  55|0x00000000c3700000, 0x00000000c3700000, 0x00000000c3800000|  0%| F|  |TAMS 0x00000000c3700000, 0x00000000c3700000| Untracked 
|  56|0x00000000c3800000, 0x00000000c3800000, 0x00000000c3900000|  0%| F|  |TAMS 0x00000000c3800000, 0x00000000c3800000| Untracked 
|  57|0x00000000c3900000, 0x00000000c3900000, 0x00000000c3a00000|  0%| F|  |TAMS 0x00000000c3900000, 0x00000000c3900000| Untracked 
|  58|0x00000000c3a00000, 0x00000000c3a00000, 0x00000000c3b00000|  0%| F|  |TAMS 0x00000000c3a00000, 0x00000000c3a00000| Untracked 
|  59|0x00000000c3b00000, 0x00000000c3b00000, 0x00000000c3c00000|  0%| F|  |TAMS 0x00000000c3b00000, 0x00000000c3b00000| Untracked 
|  60|0x00000000c3c00000, 0x00000000c3c00000, 0x00000000c3d00000|  0%| F|  |TAMS 0x00000000c3c00000, 0x00000000c3c00000| Untracked 
|  61|0x00000000c3d00000, 0x00000000c3d00000, 0x00000000c3e00000|  0%| F|  |TAMS 0x00000000c3d00000, 0x00000000c3d00000| Untracked 
|  62|0x00000000c3e00000, 0x00000000c3e00000, 0x00000000c3f00000|  0%| F|  |TAMS 0x00000000c3e00000, 0x00000000c3e00000| Untracked 
|  63|0x00000000c3f00000, 0x00000000c3f00000, 0x00000000c4000000|  0%| F|  |TAMS 0x00000000c3f00000, 0x00000000c3f00000| Untracked 
|  64|0x00000000c4000000, 0x00000000c4000000, 0x00000000c4100000|  0%| F|  |TAMS 0x00000000c4000000, 0x00000000c4000000| Untracked 
|  65|0x00000000c4100000, 0x00000000c4100000, 0x00000000c4200000|  0%| F|  |TAMS 0x00000000c4100000, 0x00000000c4100000| Untracked 
|  66|0x00000000c4200000, 0x00000000c4200000, 0x00000000c4300000|  0%| F|  |TAMS 0x00000000c4200000, 0x00000000c4200000| Untracked 
|  67|0x00000000c4300000, 0x00000000c4300000, 0x00000000c4400000|  0%| F|  |TAMS 0x00000000c4300000, 0x00000000c4300000| Untracked 
|  68|0x00000000c4400000, 0x00000000c4400000, 0x00000000c4500000|  0%| F|  |TAMS 0x00000000c4400000, 0x00000000c4400000| Untracked 
|  69|0x00000000c4500000, 0x00000000c4500000, 0x00000000c4600000|  0%| F|  |TAMS 0x00000000c4500000, 0x00000000c4500000| Untracked 
|  70|0x00000000c4600000, 0x00000000c4600000, 0x00000000c4700000|  0%| F|  |TAMS 0x00000000c4600000, 0x00000000c4600000| Untracked 
|  71|0x00000000c4700000, 0x00000000c4700000, 0x00000000c4800000|  0%| F|  |TAMS 0x00000000c4700000, 0x00000000c4700000| Untracked 
|  72|0x00000000c4800000, 0x00000000c4800000, 0x00000000c4900000|  0%| F|  |TAMS 0x00000000c4800000, 0x00000000c4800000| Untracked 
|  73|0x00000000c4900000, 0x00000000c4900000, 0x00000000c4a00000|  0%| F|  |TAMS 0x00000000c4900000, 0x00000000c4900000| Untracked 
|  74|0x00000000c4a00000, 0x00000000c4a00000, 0x00000000c4b00000|  0%| F|  |TAMS 0x00000000c4a00000, 0x00000000c4a00000| Untracked 
|  75|0x00000000c4b00000, 0x00000000c4b00000, 0x00000000c4c00000|  0%| F|  |TAMS 0x00000000c4b00000, 0x00000000c4b00000| Untracked 
|  76|0x00000000c4c00000, 0x00000000c4c00000, 0x00000000c4d00000|  0%| F|  |TAMS 0x00000000c4c00000, 0x00000000c4c00000| Untracked 
|  77|0x00000000c4d00000, 0x00000000c4d00000, 0x00000000c4e00000|  0%| F|  |TAMS 0x00000000c4d00000, 0x00000000c4d00000| Untracked 
|  78|0x00000000c4e00000, 0x00000000c4e00000, 0x00000000c4f00000|  0%| F|  |TAMS 0x00000000c4e00000, 0x00000000c4e00000| Untracked 
|  79|0x00000000c4f00000, 0x00000000c4f00000, 0x00000000c5000000|  0%| F|  |TAMS 0x00000000c4f00000, 0x00000000c4f00000| Untracked 
|  80|0x00000000c5000000, 0x00000000c5000000, 0x00000000c5100000|  0%| F|  |TAMS 0x00000000c5000000, 0x00000000c5000000| Untracked 
|  81|0x00000000c5100000, 0x00000000c5100000, 0x00000000c5200000|  0%| F|  |TAMS 0x00000000c5100000, 0x00000000c5100000| Untracked 
|  82|0x00000000c5200000, 0x00000000c5200000, 0x00000000c5300000|  0%| F|  |TAMS 0x00000000c5200000, 0x00000000c5200000| Untracked 
|  83|0x00000000c5300000, 0x00000000c5300000, 0x00000000c5400000|  0%| F|  |TAMS 0x00000000c5300000, 0x00000000c5300000| Untracked 
|  84|0x00000000c5400000, 0x00000000c5400000, 0x00000000c5500000|  0%| F|  |TAMS 0x00000000c5400000, 0x00000000c5400000| Untracked 
|  85|0x00000000c5500000, 0x00000000c5500000, 0x00000000c5600000|  0%| F|  |TAMS 0x00000000c5500000, 0x00000000c5500000| Untracked 
|  86|0x00000000c5600000, 0x00000000c5600000, 0x00000000c5700000|  0%| F|  |TAMS 0x00000000c5600000, 0x00000000c5600000| Untracked 
|  87|0x00000000c5700000, 0x00000000c5700000, 0x00000000c5800000|  0%| F|  |TAMS 0x00000000c5700000, 0x00000000c5700000| Untracked 
|  88|0x00000000c5800000, 0x00000000c5800000, 0x00000000c5900000|  0%| F|  |TAMS 0x00000000c5800000, 0x00000000c5800000| Untracked 
|  89|0x00000000c5900000, 0x00000000c5900000, 0x00000000c5a00000|  0%| F|  |TAMS 0x00000000c5900000, 0x00000000c5900000| Untracked 
|  90|0x00000000c5a00000, 0x00000000c5a00000, 0x00000000c5b00000|  0%| F|  |TAMS 0x00000000c5a00000, 0x00000000c5a00000| Untracked 
|  91|0x00000000c5b00000, 0x00000000c5b00000, 0x00000000c5c00000|  0%| F|  |TAMS 0x00000000c5b00000, 0x00000000c5b00000| Untracked 
|  92|0x00000000c5c00000, 0x00000000c5c00000, 0x00000000c5d00000|  0%| F|  |TAMS 0x00000000c5c00000, 0x00000000c5c00000| Untracked 
|  93|0x00000000c5d00000, 0x00000000c5d00000, 0x00000000c5e00000|  0%| F|  |TAMS 0x00000000c5d00000, 0x00000000c5d00000| Untracked 
|  94|0x00000000c5e00000, 0x00000000c5e00000, 0x00000000c5f00000|  0%| F|  |TAMS 0x00000000c5e00000, 0x00000000c5e00000| Untracked 
|  95|0x00000000c5f00000, 0x00000000c5f00000, 0x00000000c6000000|  0%| F|  |TAMS 0x00000000c5f00000, 0x00000000c5f00000| Untracked 
|  96|0x00000000c6000000, 0x00000000c6000000, 0x00000000c6100000|  0%| F|  |TAMS 0x00000000c6000000, 0x00000000c6000000| Untracked 
|  97|0x00000000c6100000, 0x00000000c6100000, 0x00000000c6200000|  0%| F|  |TAMS 0x00000000c6100000, 0x00000000c6100000| Untracked 
|  98|0x00000000c6200000, 0x00000000c6200000, 0x00000000c6300000|  0%| F|  |TAMS 0x00000000c6200000, 0x00000000c6200000| Untracked 
|  99|0x00000000c6300000, 0x00000000c6300000, 0x00000000c6400000|  0%| F|  |TAMS 0x00000000c6300000, 0x00000000c6300000| Untracked 
| 100|0x00000000c6400000, 0x00000000c6400000, 0x00000000c6500000|  0%| F|  |TAMS 0x00000000c6400000, 0x00000000c6400000| Untracked 
| 101|0x00000000c6500000, 0x00000000c6500000, 0x00000000c6600000|  0%| F|  |TAMS 0x00000000c6500000, 0x00000000c6500000| Untracked 
| 102|0x00000000c6600000, 0x00000000c6600000, 0x00000000c6700000|  0%| F|  |TAMS 0x00000000c6600000, 0x00000000c6600000| Untracked 
| 103|0x00000000c6700000, 0x00000000c6700000, 0x00000000c6800000|  0%| F|  |TAMS 0x00000000c6700000, 0x00000000c6700000| Untracked 
| 104|0x00000000c6800000, 0x00000000c6800000, 0x00000000c6900000|  0%| F|  |TAMS 0x00000000c6800000, 0x00000000c6800000| Untracked 
| 105|0x00000000c6900000, 0x00000000c6900000, 0x00000000c6a00000|  0%| F|  |TAMS 0x00000000c6900000, 0x00000000c6900000| Untracked 
| 106|0x00000000c6a00000, 0x00000000c6a00000, 0x00000000c6b00000|  0%| F|  |TAMS 0x00000000c6a00000, 0x00000000c6a00000| Untracked 
| 107|0x00000000c6b00000, 0x00000000c6b00000, 0x00000000c6c00000|  0%| F|  |TAMS 0x00000000c6b00000, 0x00000000c6b00000| Untracked 
| 108|0x00000000c6c00000, 0x00000000c6c00000, 0x00000000c6d00000|  0%| F|  |TAMS 0x00000000c6c00000, 0x00000000c6c00000| Untracked 
| 109|0x00000000c6d00000, 0x00000000c6d00000, 0x00000000c6e00000|  0%| F|  |TAMS 0x00000000c6d00000, 0x00000000c6d00000| Untracked 
| 110|0x00000000c6e00000, 0x00000000c6e00000, 0x00000000c6f00000|  0%| F|  |TAMS 0x00000000c6e00000, 0x00000000c6e00000| Untracked 
| 111|0x00000000c6f00000, 0x00000000c6f00000, 0x00000000c7000000|  0%| F|  |TAMS 0x00000000c6f00000, 0x00000000c6f00000| Untracked 
| 112|0x00000000c7000000, 0x00000000c7000000, 0x00000000c7100000|  0%| F|  |TAMS 0x00000000c7000000, 0x00000000c7000000| Untracked 
| 113|0x00000000c7100000, 0x00000000c7128c78, 0x00000000c7200000| 15%| E|  |TAMS 0x00000000c7100000, 0x00000000c7100000| Complete 

Card table byte_map: [0x00000212fbb60000,0x00000212fbd60000] _byte_map_base: 0x00000212fb560000

Marking Bits (Prev, Next): (CMBitMap*) 0x00000212f59e8a50, (CMBitMap*) 0x00000212f59e8a90
 Prev Bits: [0x00000212fbf60000, 0x00000212fcf60000)
 Next Bits: [0x00000212fcf60000, 0x00000212fdf60000)

Polling page: 0x00000212f5150000

Metaspace:

Usage:
  Non-class:     52.57 MB used.
      Class:      7.60 MB used.
       Both:     60.17 MB used.

Virtual space:
  Non-class space:       64.00 MB reserved,      52.94 MB ( 83%) committed,  1 nodes.
      Class space:        1.00 GB reserved,       7.94 MB ( <1%) committed,  1 nodes.
             Both:        1.06 GB reserved,      60.88 MB (  6%) committed. 

Chunk freelists:
   Non-Class:  10.88 MB
       Class:  8.21 MB
        Both:  19.09 MB

MaxMetaspaceSize: unlimited
CompressedClassSpaceSize: 1.00 GB
Initial GC threshold: 21.00 MB
Current GC threshold: 101.25 MB
CDS: off
MetaspaceReclaimPolicy: balanced
 - commit_granule_bytes: 65536.
 - commit_granule_words: 8192.
 - virtual_space_node_default_size: 8388608.
 - enlarge_chunks_in_place: 1.
 - new_chunks_are_fully_committed: 0.
 - uncommit_free_chunks: 1.
 - use_allocation_guard: 0.
 - handle_deallocations: 1.


Internal statistics:

num_allocs_failed_limit: 9.
num_arena_births: 654.
num_arena_deaths: 228.
num_vsnodes_births: 2.
num_vsnodes_deaths: 0.
num_space_committed: 974.
num_space_uncommitted: 0.
num_chunks_returned_to_freelist: 281.
num_chunks_taken_from_freelist: 2594.
num_chunk_merges: 97.
num_chunk_splits: 1829.
num_chunks_enlarged: 1414.
num_inconsistent_stats: 0.

CodeCache: size=49152Kb used=13063Kb max_used=14464Kb free=36088Kb
 bounds [0x00000212f8630000, 0x00000212f94a0000, 0x00000212fb630000]
 total_blobs=7832 nmethods=7154 adapters=605
 compilation: enabled
              stopped_count=0, restarted_count=0
 full_count=0

Compilation events (20 events):
Event: 489.956 Thread 0x000002128501aa60 7144       1       java.lang.invoke.MethodHandleStatics::traceLambdaForm (96 bytes)
Event: 489.956 Thread 0x000002128501aa60 nmethod 7144 0x00000212f8b33990 code [0x00000212f8b33b20, 0x00000212f8b33bb8]
Event: 489.991 Thread 0x000002128501aa60 7145       1       java.util.concurrent.ScheduledThreadPoolExecutor$DelayedWorkQueue::setIndex (16 bytes)
Event: 489.991 Thread 0x000002128501aa60 nmethod 7145 0x00000212f8b33610 code [0x00000212f8b337a0, 0x00000212f8b338b8]
Event: 504.078 Thread 0x000002128501aa60 7146       1       java.util.concurrent.TimeUnit::convert (77 bytes)
Event: 504.078 Thread 0x000002128501aa60 nmethod 7146 0x00000212f8b33010 code [0x00000212f8b33200, 0x00000212f8b33488]
Event: 544.078 Thread 0x000002128501aa60 7147       1       java.util.concurrent.ScheduledThreadPoolExecutor$ScheduledFutureTask::getDelay (16 bytes)
Event: 544.078 Thread 0x000002128501aa60 nmethod 7147 0x00000212f8b32c90 code [0x00000212f8b32e20, 0x00000212f8b32f48]
Event: 605.249 Thread 0x000002128501aa60 7148       1       java.util.concurrent.locks.LockSupport::parkNanos (29 bytes)
Event: 605.249 Thread 0x000002128501aa60 nmethod 7148 0x00000212f8b32890 code [0x00000212f8b32a40, 0x00000212f8b32c28]
Event: 725.622 Thread 0x000002128501aa60 7150       1       java.io.FileDescriptor$1::setHandle (6 bytes)
Event: 725.622 Thread 0x000002128501aa60 nmethod 7150 0x00000212f8b32110 code [0x00000212f8b322a0, 0x00000212f8b323e8]
Event: 725.622 Thread 0x000002128501aa60 7151       1       java.io.FileDescriptor::setHandle (33 bytes)
Event: 725.623 Thread 0x000002128501aa60 nmethod 7151 0x00000212f8b31d90 code [0x00000212f8b31f20, 0x00000212f8b32068]
Event: 725.623 Thread 0x000002128501aa60 7152       1       java.io.FileDescriptor$1::registerCleanup (5 bytes)
Event: 725.623 Thread 0x000002128501aa60 nmethod 7152 0x00000212f8b31a90 code [0x00000212f8b31c20, 0x00000212f8b31d08]
Event: 754.077 Thread 0x000002128501aa60 7153       1       java.util.concurrent.ThreadPoolExecutor$Worker::unlock (7 bytes)
Event: 754.077 Thread 0x000002128501aa60 nmethod 7153 0x00000212f8b31710 code [0x00000212f8b318a0, 0x00000212f8b319c8]
Event: 754.077 Thread 0x000002128501aa60 7154       1       java.util.concurrent.ThreadPoolExecutor$Worker::tryRelease (12 bytes)
Event: 754.077 Thread 0x000002128501aa60 nmethod 7154 0x00000212f8b31410 code [0x00000212f8b315a0, 0x00000212f8b31698]

GC Heap History (20 events):
Event: 683.128 GC heap before
{Heap before GC invocations=63 (full 47):
 garbage-first heap   total 116736K, used 33623K [0x00000000c0000000, 0x0000000100000000)
  region size 1024K, 1 young (1024K), 0 survivors (0K)
 Metaspace       used 61618K, committed 62336K, reserved 1114112K
  class space    used 7786K, committed 8128K, reserved 1048576K
}
Event: 683.173 GC heap after
{Heap after GC invocations=64 (full 48):
 garbage-first heap   total 116736K, used 33623K [0x00000000c0000000, 0x0000000100000000)
  region size 1024K, 0 young (0K), 0 survivors (0K)
 Metaspace       used 61618K, committed 62336K, reserved 1114112K
  class space    used 7786K, committed 8128K, reserved 1048576K
}
Event: 693.314 GC heap before
{Heap before GC invocations=64 (full 48):
 garbage-first heap   total 116736K, used 33623K [0x00000000c0000000, 0x0000000100000000)
  region size 1024K, 1 young (1024K), 0 survivors (0K)
 Metaspace       used 61618K, committed 62336K, reserved 1114112K
  class space    used 7786K, committed 8128K, reserved 1048576K
}
Event: 693.354 GC heap after
{Heap after GC invocations=65 (full 49):
 garbage-first heap   total 116736K, used 33623K [0x00000000c0000000, 0x0000000100000000)
  region size 1024K, 0 young (0K), 0 survivors (0K)
 Metaspace       used 61618K, committed 62336K, reserved 1114112K
  class space    used 7786K, committed 8128K, reserved 1048576K
}
Event: 705.441 GC heap before
{Heap before GC invocations=65 (full 49):
 garbage-first heap   total 116736K, used 33623K [0x00000000c0000000, 0x0000000100000000)
  region size 1024K, 1 young (1024K), 0 survivors (0K)
 Metaspace       used 61618K, committed 62336K, reserved 1114112K
  class space    used 7786K, committed 8128K, reserved 1048576K
}
Event: 705.483 GC heap after
{Heap after GC invocations=66 (full 50):
 garbage-first heap   total 116736K, used 33622K [0x00000000c0000000, 0x0000000100000000)
  region size 1024K, 0 young (0K), 0 survivors (0K)
 Metaspace       used 61618K, committed 62336K, reserved 1114112K
  class space    used 7786K, committed 8128K, reserved 1048576K
}
Event: 715.585 GC heap before
{Heap before GC invocations=66 (full 50):
 garbage-first heap   total 116736K, used 33622K [0x00000000c0000000, 0x0000000100000000)
  region size 1024K, 1 young (1024K), 0 survivors (0K)
 Metaspace       used 61618K, committed 62336K, reserved 1114112K
  class space    used 7786K, committed 8128K, reserved 1048576K
}
Event: 715.616 GC heap after
{Heap after GC invocations=67 (full 51):
 garbage-first heap   total 116736K, used 33622K [0x00000000c0000000, 0x0000000100000000)
  region size 1024K, 0 young (0K), 0 survivors (0K)
 Metaspace       used 61618K, committed 62336K, reserved 1114112K
  class space    used 7786K, committed 8128K, reserved 1048576K
}
Event: 725.711 GC heap before
{Heap before GC invocations=67 (full 51):
 garbage-first heap   total 116736K, used 33622K [0x00000000c0000000, 0x0000000100000000)
  region size 1024K, 1 young (1024K), 0 survivors (0K)
 Metaspace       used 61618K, committed 62336K, reserved 1114112K
  class space    used 7786K, committed 8128K, reserved 1048576K
}
Event: 725.744 GC heap after
{Heap after GC invocations=68 (full 52):
 garbage-first heap   total 116736K, used 33622K [0x00000000c0000000, 0x0000000100000000)
  region size 1024K, 0 young (0K), 0 survivors (0K)
 Metaspace       used 61618K, committed 62336K, reserved 1114112K
  class space    used 7786K, committed 8128K, reserved 1048576K
}
Event: 735.856 GC heap before
{Heap before GC invocations=68 (full 52):
 garbage-first heap   total 116736K, used 33622K [0x00000000c0000000, 0x0000000100000000)
  region size 1024K, 1 young (1024K), 0 survivors (0K)
 Metaspace       used 61618K, committed 62336K, reserved 1114112K
  class space    used 7786K, committed 8128K, reserved 1048576K
}
Event: 735.884 GC heap after
{Heap after GC invocations=69 (full 53):
 garbage-first heap   total 116736K, used 33622K [0x00000000c0000000, 0x0000000100000000)
  region size 1024K, 0 young (0K), 0 survivors (0K)
 Metaspace       used 61618K, committed 62336K, reserved 1114112K
  class space    used 7786K, committed 8128K, reserved 1048576K
}
Event: 745.975 GC heap before
{Heap before GC invocations=69 (full 53):
 garbage-first heap   total 116736K, used 33622K [0x00000000c0000000, 0x0000000100000000)
  region size 1024K, 1 young (1024K), 0 survivors (0K)
 Metaspace       used 61618K, committed 62336K, reserved 1114112K
  class space    used 7786K, committed 8128K, reserved 1048576K
}
Event: 746.000 GC heap after
{Heap after GC invocations=70 (full 54):
 garbage-first heap   total 116736K, used 33622K [0x00000000c0000000, 0x0000000100000000)
  region size 1024K, 0 young (0K), 0 survivors (0K)
 Metaspace       used 61618K, committed 62336K, reserved 1114112K
  class space    used 7786K, committed 8128K, reserved 1048576K
}
Event: 756.096 GC heap before
{Heap before GC invocations=70 (full 54):
 garbage-first heap   total 116736K, used 33622K [0x00000000c0000000, 0x0000000100000000)
  region size 1024K, 1 young (1024K), 0 survivors (0K)
 Metaspace       used 61618K, committed 62336K, reserved 1114112K
  class space    used 7786K, committed 8128K, reserved 1048576K
}
Event: 756.128 GC heap after
{Heap after GC invocations=71 (full 55):
 garbage-first heap   total 116736K, used 33622K [0x00000000c0000000, 0x0000000100000000)
  region size 1024K, 0 young (0K), 0 survivors (0K)
 Metaspace       used 61618K, committed 62336K, reserved 1114112K
  class space    used 7786K, committed 8128K, reserved 1048576K
}
Event: 766.218 GC heap before
{Heap before GC invocations=71 (full 55):
 garbage-first heap   total 116736K, used 33622K [0x00000000c0000000, 0x0000000100000000)
  region size 1024K, 1 young (1024K), 0 survivors (0K)
 Metaspace       used 61618K, committed 62336K, reserved 1114112K
  class space    used 7786K, committed 8128K, reserved 1048576K
}
Event: 766.245 GC heap after
{Heap after GC invocations=72 (full 56):
 garbage-first heap   total 116736K, used 33622K [0x00000000c0000000, 0x0000000100000000)
  region size 1024K, 0 young (0K), 0 survivors (0K)
 Metaspace       used 61618K, committed 62336K, reserved 1114112K
  class space    used 7786K, committed 8128K, reserved 1048576K
}
Event: 776.338 GC heap before
{Heap before GC invocations=72 (full 56):
 garbage-first heap   total 116736K, used 33622K [0x00000000c0000000, 0x0000000100000000)
  region size 1024K, 1 young (1024K), 0 survivors (0K)
 Metaspace       used 61618K, committed 62336K, reserved 1114112K
  class space    used 7786K, committed 8128K, reserved 1048576K
}
Event: 776.370 GC heap after
{Heap after GC invocations=73 (full 57):
 garbage-first heap   total 116736K, used 33622K [0x00000000c0000000, 0x0000000100000000)
  region size 1024K, 0 young (0K), 0 survivors (0K)
 Metaspace       used 61618K, committed 62336K, reserved 1114112K
  class space    used 7786K, committed 8128K, reserved 1048576K
}

Dll operation events (10 events):
Event: 0.009 Loaded shared library c:\Users\PC\.vscode\extensions\redhat.java-1.31.0-win32-x64\jre\17.0.11-win32-x86_64\bin\java.dll
Event: 0.167 Loaded shared library C:\Users\PC\.vscode\extensions\redhat.java-1.31.0-win32-x64\jre\17.0.11-win32-x86_64\bin\net.dll
Event: 0.169 Loaded shared library C:\Users\PC\.vscode\extensions\redhat.java-1.31.0-win32-x64\jre\17.0.11-win32-x86_64\bin\nio.dll
Event: 0.175 Loaded shared library C:\Users\PC\.vscode\extensions\redhat.java-1.31.0-win32-x64\jre\17.0.11-win32-x86_64\bin\zip.dll
Event: 0.467 Loaded shared library C:\Users\PC\.vscode\extensions\redhat.java-1.31.0-win32-x64\jre\17.0.11-win32-x86_64\bin\jimage.dll
Event: 2.081 Loaded shared library c:\Users\PC\.vscode\extensions\redhat.java-1.31.0-win32-x64\jre\17.0.11-win32-x86_64\bin\verify.dll
Event: 4.163 Loaded shared library C:\Users\PC\.vscode\extensions\redhat.java-1.31.0-win32-x64\jre\17.0.11-win32-x86_64\bin\management.dll
Event: 4.167 Loaded shared library C:\Users\PC\.vscode\extensions\redhat.java-1.31.0-win32-x64\jre\17.0.11-win32-x86_64\bin\management_ext.dll
Event: 5.268 Loaded shared library C:\Users\PC\.vscode\extensions\redhat.java-1.31.0-win32-x64\jre\17.0.11-win32-x86_64\bin\sunmscapi.dll
Event: 5.555 Loaded shared library C:\Users\PC\.vscode\extensions\redhat.java-1.31.0-win32-x64\jre\17.0.11-win32-x86_64\bin\extnet.dll

Deoptimization events (16 events):
Event: 4.455 Thread 0x00000212869568f0 DEOPT PACKING pc=0x00000212f8bf1f01 sp=0x00000047ba8fd880
Event: 4.455 Thread 0x00000212869568f0 DEOPT UNPACKING pc=0x00000212f8687143 sp=0x00000047ba8fcd10 mode 3
Event: 4.463 Thread 0x000002128698f470 DEOPT PACKING pc=0x00000212f8bd3a17 sp=0x00000047ba9ff140
Event: 4.463 Thread 0x000002128698f470 DEOPT UNPACKING pc=0x00000212f8687143 sp=0x00000047ba9fe598 mode 3
Event: 5.351 Thread 0x0000021286a35320 DEOPT PACKING pc=0x00000212f881048c sp=0x00000047bb6faa80
Event: 5.351 Thread 0x0000021286a35320 DEOPT UNPACKING pc=0x00000212f8687143 sp=0x00000047bb6f9f48 mode 0
Event: 7.363 Thread 0x00000212864e7fa0 DEOPT PACKING pc=0x00000212f8b203d2 sp=0x00000047badfdf80
Event: 7.363 Thread 0x00000212864e7fa0 DEOPT UNPACKING pc=0x00000212f8687143 sp=0x00000047badfd488 mode 3
Event: 8.052 Thread 0x00000212864e7fa0 DEOPT PACKING pc=0x00000212f9210c8c sp=0x00000047badfe180
Event: 8.052 Thread 0x00000212864e7fa0 DEOPT UNPACKING pc=0x00000212f8687143 sp=0x00000047badfd700 mode 0
Event: 8.052 Thread 0x00000212864e7fa0 DEOPT PACKING pc=0x00000212f9210c8c sp=0x00000047badfe3e0
Event: 8.052 Thread 0x00000212864e7fa0 DEOPT UNPACKING pc=0x00000212f8687143 sp=0x00000047badfd960 mode 0
Event: 8.058 Thread 0x00000212864e7fa0 DEOPT PACKING pc=0x00000212f9210c8c sp=0x00000047badfe860
Event: 8.058 Thread 0x00000212864e7fa0 DEOPT UNPACKING pc=0x00000212f8687143 sp=0x00000047badfdde0 mode 0
Event: 474.932 Thread 0x00000212869568f0 DEOPT PACKING pc=0x00000212f8ccc254 sp=0x00000047ba8feb50
Event: 474.932 Thread 0x00000212869568f0 DEOPT UNPACKING pc=0x00000212f8687143 sp=0x00000047ba8fdfd8 mode 0

Classes unloaded (20 events):
Event: 124.419 Thread 0x0000021280c666f0 Unloading class 0x000000010008e400 'java/lang/invoke/LambdaForm$MH+0x000000010008e400'
Event: 124.419 Thread 0x0000021280c666f0 Unloading class 0x000000010008e000 'java/lang/invoke/LambdaForm$MH+0x000000010008e000'
Event: 124.419 Thread 0x0000021280c666f0 Unloading class 0x000000010008dc00 'java/lang/invoke/LambdaForm$MH+0x000000010008dc00'
Event: 124.419 Thread 0x0000021280c666f0 Unloading class 0x000000010008d800 'java/lang/invoke/LambdaForm$MH+0x000000010008d800'
Event: 124.419 Thread 0x0000021280c666f0 Unloading class 0x000000010008d400 'java/lang/invoke/LambdaForm$MH+0x000000010008d400'
Event: 124.419 Thread 0x0000021280c666f0 Unloading class 0x000000010008cc00 'java/lang/invoke/LambdaForm$MH+0x000000010008cc00'
Event: 124.419 Thread 0x0000021280c666f0 Unloading class 0x000000010008c800 'java/lang/invoke/LambdaForm$MH+0x000000010008c800'
Event: 124.419 Thread 0x0000021280c666f0 Unloading class 0x000000010008c000 'java/lang/invoke/LambdaForm$MH+0x000000010008c000'
Event: 124.419 Thread 0x0000021280c666f0 Unloading class 0x000000010008bc00 'java/lang/invoke/LambdaForm$MH+0x000000010008bc00'
Event: 124.419 Thread 0x0000021280c666f0 Unloading class 0x000000010008ac00 'java/lang/invoke/LambdaForm$MH+0x000000010008ac00'
Event: 124.419 Thread 0x0000021280c666f0 Unloading class 0x000000010008a400 'java/lang/invoke/LambdaForm$MH+0x000000010008a400'
Event: 124.419 Thread 0x0000021280c666f0 Unloading class 0x000000010008a000 'java/lang/invoke/LambdaForm$MH+0x000000010008a000'
Event: 124.419 Thread 0x0000021280c666f0 Unloading class 0x0000000100089c00 'java/lang/invoke/LambdaForm$MH+0x0000000100089c00'
Event: 124.419 Thread 0x0000021280c666f0 Unloading class 0x0000000100089800 'java/lang/invoke/LambdaForm$MH+0x0000000100089800'
Event: 124.419 Thread 0x0000021280c666f0 Unloading class 0x0000000100089400 'java/lang/invoke/LambdaForm$MH+0x0000000100089400'
Event: 124.419 Thread 0x0000021280c666f0 Unloading class 0x0000000100088c00 'java/lang/invoke/LambdaForm$MH+0x0000000100088c00'
Event: 124.419 Thread 0x0000021280c666f0 Unloading class 0x0000000100088400 'java/lang/invoke/LambdaForm$MH+0x0000000100088400'
Event: 570.606 Thread 0x0000021280c666f0 Unloading class 0x000000010060c000 'java/lang/invoke/LambdaForm$MH+0x000000010060c000'
Event: 570.606 Thread 0x0000021280c666f0 Unloading class 0x00000001006a0000 'java/lang/invoke/LambdaForm$MH+0x00000001006a0000'
Event: 570.606 Thread 0x0000021280c666f0 Unloading class 0x00000001007bc800 'java/lang/invoke/LambdaForm$MH+0x00000001007bc800'

Classes redefined (0 events):
No events

Internal exceptions (20 events):
Event: 8.010 Thread 0x00000212864e7fa0 Exception <a 'java/lang/NoSuchMethodError'{0x00000000c78c7f60}: 'java.lang.Object java.lang.invoke.Invokers$Holder.linkToTargetMethod(java.lang.Object, java.lang.Object, java.lang.Object, int, java.lang.Object)'> (0x00000000c78c7f60) 
thrown [s\src\hotspot\share\interpreter\linkResolver.cpp, line 759]
Event: 8.101 Thread 0x00000212864e7fa0 Exception <a 'sun/nio/fs/WindowsException'{0x00000000c72f9540}> (0x00000000c72f9540) 
thrown [s\src\hotspot\share\prims\jni.cpp, line 516]
Event: 8.101 Thread 0x00000212864e7fa0 Exception <a 'sun/nio/fs/WindowsException'{0x00000000c72f9ec8}> (0x00000000c72f9ec8) 
thrown [s\src\hotspot\share\prims\jni.cpp, line 516]
Event: 8.101 Thread 0x00000212864e7fa0 Exception <a 'sun/nio/fs/WindowsException'{0x00000000c72fa830}> (0x00000000c72fa830) 
thrown [s\src\hotspot\share\prims\jni.cpp, line 516]
Event: 8.102 Thread 0x00000212864e7fa0 Exception <a 'sun/nio/fs/WindowsException'{0x00000000c72fb1b8}> (0x00000000c72fb1b8) 
thrown [s\src\hotspot\share\prims\jni.cpp, line 516]
Event: 8.102 Thread 0x00000212864e7fa0 Exception <a 'sun/nio/fs/WindowsException'{0x00000000c72fbc40}> (0x00000000c72fbc40) 
thrown [s\src\hotspot\share\prims\jni.cpp, line 516]
Event: 8.102 Thread 0x00000212864e7fa0 Exception <a 'sun/nio/fs/WindowsException'{0x00000000c72fc730}> (0x00000000c72fc730) 
thrown [s\src\hotspot\share\prims\jni.cpp, line 516]
Event: 8.103 Thread 0x00000212864e7fa0 Exception <a 'sun/nio/fs/WindowsException'{0x00000000c71042c8}> (0x00000000c71042c8) 
thrown [s\src\hotspot\share\prims\jni.cpp, line 516]
Event: 8.103 Thread 0x00000212864e7fa0 Exception <a 'sun/nio/fs/WindowsException'{0x00000000c7104c50}> (0x00000000c7104c50) 
thrown [s\src\hotspot\share\prims\jni.cpp, line 516]
Event: 8.103 Thread 0x00000212864e7fa0 Exception <a 'sun/nio/fs/WindowsException'{0x00000000c71055b8}> (0x00000000c71055b8) 
thrown [s\src\hotspot\share\prims\jni.cpp, line 516]
Event: 8.103 Thread 0x00000212864e7fa0 Exception <a 'sun/nio/fs/WindowsException'{0x00000000c7105f40}> (0x00000000c7105f40) 
thrown [s\src\hotspot\share\prims\jni.cpp, line 516]
Event: 8.103 Thread 0x00000212864e7fa0 Exception <a 'sun/nio/fs/WindowsException'{0x00000000c71069c8}> (0x00000000c71069c8) 
thrown [s\src\hotspot\share\prims\jni.cpp, line 516]
Event: 8.103 Thread 0x00000212864e7fa0 Exception <a 'sun/nio/fs/WindowsException'{0x00000000c71074b8}> (0x00000000c71074b8) 
thrown [s\src\hotspot\share\prims\jni.cpp, line 516]
Event: 114.193 Thread 0x00000212868cd820 Exception <a 'java/lang/NoSuchMethodError'{0x00000000c6f1f010}: 'void java.lang.invoke.DirectMethodHandle$Holder.invokeStatic(java.lang.Object, long)'> (0x00000000c6f1f010) 
thrown [s\src\hotspot\share\interpreter\linkResolver.cpp, line 759]
Event: 114.193 Thread 0x00000212868cd820 Exception <a 'java/lang/NoSuchMethodError'{0x00000000c6f243c0}: 'java.lang.Object java.lang.invoke.DirectMethodHandle$Holder.newInvokeSpecial(java.lang.Object, long)'> (0x00000000c6f243c0) 
thrown [s\src\hotspot\share\interpreter\linkResolver.cpp, line 759]
Event: 314.624 Thread 0x0000021286a334c0 Exception <a 'java/io/IOException'{0x00000000c74b7880}> (0x00000000c74b7880) 
thrown [s\src\hotspot\share\prims\jni.cpp, line 516]
Event: 314.879 Thread 0x0000021286a32080 Exception <a 'java/io/IOException'{0x00000000c74c3ff0}> (0x00000000c74c3ff0) 
thrown [s\src\hotspot\share\prims\jni.cpp, line 516]
Event: 316.808 Thread 0x0000021286a32590 Exception <a 'java/io/IOException'{0x00000000c74cca38}> (0x00000000c74cca38) 
thrown [s\src\hotspot\share\prims\jni.cpp, line 516]
Event: 439.416 Thread 0x00000212868cd820 Exception <a 'java/io/IOException'{0x00000000c7100630}: CreateProcess error=1450, Insufficient system resources exist to complete the requested service> (0x00000000c7100630) 
thrown [s\src\hotspot\share\prims\jni.cpp, line 535]
Event: 489.839 Thread 0x0000021286a380b0 Exception <a 'java/lang/NoSuchMethodError'{0x00000000c6fc48b8}: 'java.lang.Object java.lang.invoke.DirectMethodHandle$Holder.invokeStatic(java.lang.Object, java.lang.Object, java.lang.Object, java.lang.Object, int)'> (0x00000000c6fc48b8) 
thrown [s\src\hotspot\share\interpreter\linkResolver.cpp, line 759]

VM Operations (20 events):
Event: 683.173 Executing VM operation: G1CollectFull done
Event: 693.314 Executing VM operation: G1CollectFull
Event: 693.354 Executing VM operation: G1CollectFull done
Event: 705.441 Executing VM operation: G1CollectFull
Event: 705.483 Executing VM operation: G1CollectFull done
Event: 715.585 Executing VM operation: G1CollectFull
Event: 715.616 Executing VM operation: G1CollectFull done
Event: 725.711 Executing VM operation: G1CollectFull
Event: 725.744 Executing VM operation: G1CollectFull done
Event: 735.855 Executing VM operation: G1CollectFull
Event: 735.884 Executing VM operation: G1CollectFull done
Event: 745.974 Executing VM operation: G1CollectFull
Event: 746.000 Executing VM operation: G1CollectFull done
Event: 756.096 Executing VM operation: G1CollectFull
Event: 756.128 Executing VM operation: G1CollectFull done
Event: 766.218 Executing VM operation: G1CollectFull
Event: 766.245 Executing VM operation: G1CollectFull done
Event: 776.338 Executing VM operation: G1CollectFull
Event: 776.370 Executing VM operation: G1CollectFull done
Event: 786.404 Executing VM operation: G1CollectFull

Events (20 events):
Event: 314.612 loading class sun/security/ssl/Alert$Level done
Event: 314.625 loading class sun/net/ConnectionResetException
Event: 314.625 loading class sun/net/ConnectionResetException done
Event: 374.634 Thread 0x0000021286a39a00 Thread exited: 0x0000021286a39a00
Event: 374.882 Thread 0x0000021286a32aa0 Thread exited: 0x0000021286a32aa0
Event: 374.882 Thread 0x0000021286a32080 Thread exited: 0x0000021286a32080
Event: 376.818 Thread 0x0000021286a32590 Thread exited: 0x0000021286a32590
Event: 376.819 Thread 0x0000021286a334c0 Thread exited: 0x0000021286a334c0
Event: 476.592 Thread 0x0000021286a36250 Thread added: 0x0000021286a36250
Event: 489.618 Thread 0x0000021286a380b0 Thread added: 0x0000021286a380b0
Event: 489.899 Thread 0x0000021286a35830 Thread added: 0x0000021286a35830
Event: 490.009 loading class java/util/logging/LogRecord
Event: 490.059 loading class java/util/logging/LogRecord done
Event: 537.528 Thread 0x0000021286a36250 Thread exited: 0x0000021286a36250
Event: 549.900 Thread 0x0000021286a35830 Thread exited: 0x0000021286a35830
Event: 551.325 Thread 0x0000021286a380b0 Thread exited: 0x0000021286a380b0
Event: 604.009 Thread 0x0000021286a32080 Thread added: 0x0000021286a32080
Event: 604.260 Thread 0x0000021286a33ee0 Thread added: 0x0000021286a33ee0
Event: 665.931 Thread 0x0000021286a33ee0 Thread exited: 0x0000021286a33ee0
Event: 665.931 Thread 0x0000021286a32080 Thread exited: 0x0000021286a32080


Dynamic libraries:
0x00007ff7b4760000 - 0x00007ff7b476e000 	c:\Users\PC\.vscode\extensions\redhat.java-1.31.0-win32-x64\jre\17.0.11-win32-x86_64\bin\java.exe
0x00007ff993a50000 - 0x00007ff993c67000 	C:\Windows\SYSTEM32\ntdll.dll
0x00007ff9927c0000 - 0x00007ff992884000 	C:\Windows\System32\KERNEL32.DLL
0x00007ff9913e0000 - 0x00007ff99178c000 	C:\Windows\System32\KERNELBASE.dll
0x00007ff991040000 - 0x00007ff991151000 	C:\Windows\System32\ucrtbase.dll
0x00007ff982150000 - 0x00007ff982167000 	c:\Users\PC\.vscode\extensions\redhat.java-1.31.0-win32-x64\jre\17.0.11-win32-x86_64\bin\jli.dll
0x00007ff966e10000 - 0x00007ff966e2b000 	c:\Users\PC\.vscode\extensions\redhat.java-1.31.0-win32-x64\jre\17.0.11-win32-x86_64\bin\VCRUNTIME140.dll
0x00007ff992d70000 - 0x00007ff992f1e000 	C:\Windows\System32\USER32.dll
0x00007ff97dfb0000 - 0x00007ff97e243000 	C:\Windows\WinSxS\amd64_microsoft.windows.common-controls_6595b64144ccf1df_6.0.22621.3672_none_2713b9d173822955\COMCTL32.dll
0x00007ff990fe0000 - 0x00007ff991006000 	C:\Windows\System32\win32u.dll
0x00007ff9918d0000 - 0x00007ff991977000 	C:\Windows\System32\msvcrt.dll
0x00007ff992bd0000 - 0x00007ff992bf9000 	C:\Windows\System32\GDI32.dll
0x00007ff991220000 - 0x00007ff991339000 	C:\Windows\System32\gdi32full.dll
0x00007ff991340000 - 0x00007ff9913da000 	C:\Windows\System32\msvcp_win.dll
0x00007ff992cb0000 - 0x00007ff992ce1000 	C:\Windows\System32\IMM32.DLL
0x00007ff9815a0000 - 0x00007ff9815ac000 	c:\Users\PC\.vscode\extensions\redhat.java-1.31.0-win32-x64\jre\17.0.11-win32-x86_64\bin\vcruntime140_1.dll
0x00007ff9436d0000 - 0x00007ff94375d000 	c:\Users\PC\.vscode\extensions\redhat.java-1.31.0-win32-x64\jre\17.0.11-win32-x86_64\bin\msvcp140.dll
0x00007ff931850000 - 0x00007ff9324b2000 	c:\Users\PC\.vscode\extensions\redhat.java-1.31.0-win32-x64\jre\17.0.11-win32-x86_64\bin\server\jvm.dll
0x00007ff992700000 - 0x00007ff9927b2000 	C:\Windows\System32\ADVAPI32.dll
0x00007ff992c00000 - 0x00007ff992ca8000 	C:\Windows\System32\sechost.dll
0x00007ff991010000 - 0x00007ff991038000 	C:\Windows\System32\bcrypt.dll
0x00007ff9928a0000 - 0x00007ff9929b5000 	C:\Windows\System32\RPCRT4.dll
0x00007ff9899c0000 - 0x00007ff9899ca000 	C:\Windows\SYSTEM32\VERSION.dll
0x00007ff990a90000 - 0x00007ff990add000 	C:\Windows\SYSTEM32\POWRPROF.dll
0x00007ff979860000 - 0x00007ff979869000 	C:\Windows\SYSTEM32\WSOCK32.dll
0x00007ff989960000 - 0x00007ff989994000 	C:\Windows\SYSTEM32\WINMM.dll
0x00007ff991de0000 - 0x00007ff991e51000 	C:\Windows\System32\WS2_32.dll
0x00007ff990a70000 - 0x00007ff990a83000 	C:\Windows\SYSTEM32\UMPDC.dll
0x00007ff98fd80000 - 0x00007ff98fd98000 	C:\Windows\SYSTEM32\kernel.appcore.dll
0x00007ff97c7e0000 - 0x00007ff97c7ea000 	c:\Users\PC\.vscode\extensions\redhat.java-1.31.0-win32-x64\jre\17.0.11-win32-x86_64\bin\jimage.dll
0x00007ff984920000 - 0x00007ff984b52000 	C:\Windows\SYSTEM32\DBGHELP.DLL
0x00007ff991980000 - 0x00007ff991d08000 	C:\Windows\System32\combase.dll
0x00007ff991790000 - 0x00007ff991867000 	C:\Windows\System32\OLEAUT32.dll
0x00007ff989320000 - 0x00007ff989352000 	C:\Windows\SYSTEM32\dbgcore.DLL
0x00007ff990d80000 - 0x00007ff990dfb000 	C:\Windows\System32\bcryptPrimitives.dll
0x00007ff958b90000 - 0x00007ff958bb5000 	c:\Users\PC\.vscode\extensions\redhat.java-1.31.0-win32-x64\jre\17.0.11-win32-x86_64\bin\java.dll
0x00007ff966df0000 - 0x00007ff966e08000 	c:\Users\PC\.vscode\extensions\redhat.java-1.31.0-win32-x64\jre\17.0.11-win32-x86_64\bin\zip.dll
0x00007ff992f20000 - 0x00007ff99377c000 	C:\Windows\System32\SHELL32.dll
0x00007ff98ec80000 - 0x00007ff98f577000 	C:\Windows\SYSTEM32\windows.storage.dll
0x00007ff98eb40000 - 0x00007ff98ec7f000 	C:\Windows\SYSTEM32\wintypes.dll
0x00007ff992ad0000 - 0x00007ff992bc4000 	C:\Windows\System32\SHCORE.dll
0x00007ff9937d0000 - 0x00007ff99382e000 	C:\Windows\System32\shlwapi.dll
0x00007ff990cb0000 - 0x00007ff990cd1000 	C:\Windows\SYSTEM32\profapi.dll
0x00007ff95b870000 - 0x00007ff95b889000 	C:\Users\PC\.vscode\extensions\redhat.java-1.31.0-win32-x64\jre\17.0.11-win32-x86_64\bin\net.dll
0x00007ff98b430000 - 0x00007ff98b566000 	C:\Windows\SYSTEM32\WINHTTP.dll
0x00007ff9901f0000 - 0x00007ff990259000 	C:\Windows\system32\mswsock.dll
0x00007ff959780000 - 0x00007ff959796000 	C:\Users\PC\.vscode\extensions\redhat.java-1.31.0-win32-x64\jre\17.0.11-win32-x86_64\bin\nio.dll
0x00007ff979840000 - 0x00007ff979850000 	c:\Users\PC\.vscode\extensions\redhat.java-1.31.0-win32-x64\jre\17.0.11-win32-x86_64\bin\verify.dll
0x00007ff990460000 - 0x00007ff99047b000 	C:\Windows\SYSTEM32\CRYPTSP.dll
0x00007ff98fce0000 - 0x00007ff98fd15000 	C:\Windows\system32\rsaenh.dll
0x00007ff990300000 - 0x00007ff990328000 	C:\Windows\SYSTEM32\USERENV.dll
0x00007ff990480000 - 0x00007ff99048c000 	C:\Windows\SYSTEM32\CRYPTBASE.dll
0x00007ff98f7d0000 - 0x00007ff98f7fd000 	C:\Windows\SYSTEM32\IPHLPAPI.DLL
0x00007ff992890000 - 0x00007ff992899000 	C:\Windows\System32\NSI.dll
0x00007ff98b2f0000 - 0x00007ff98b309000 	C:\Windows\SYSTEM32\dhcpcsvc6.DLL
0x00007ff98b280000 - 0x00007ff98b29f000 	C:\Windows\SYSTEM32\dhcpcsvc.DLL
0x00007ff98f800000 - 0x00007ff98f8f8000 	C:\Windows\SYSTEM32\DNSAPI.dll
0x00007ff979800000 - 0x00007ff979809000 	C:\Users\PC\.vscode\extensions\redhat.java-1.31.0-win32-x64\jre\17.0.11-win32-x86_64\bin\management.dll
0x00007ff972550000 - 0x00007ff97255b000 	C:\Users\PC\.vscode\extensions\redhat.java-1.31.0-win32-x64\jre\17.0.11-win32-x86_64\bin\management_ext.dll
0x00007ff9921e0000 - 0x00007ff9921e8000 	C:\Windows\System32\PSAPI.DLL
0x00007ff966bd0000 - 0x00007ff966bde000 	C:\Users\PC\.vscode\extensions\redhat.java-1.31.0-win32-x64\jre\17.0.11-win32-x86_64\bin\sunmscapi.dll
0x00007ff990e00000 - 0x00007ff990f67000 	C:\Windows\System32\CRYPT32.dll
0x00007ff9906b0000 - 0x00007ff9906de000 	C:\Windows\SYSTEM32\ncrypt.dll
0x00007ff990670000 - 0x00007ff9906a7000 	C:\Windows\SYSTEM32\NTASN1.dll
0x00007ff98b030000 - 0x00007ff98b03a000 	C:\Windows\System32\rasadhlp.dll
0x00007ff98b040000 - 0x00007ff98b0c3000 	C:\Windows\System32\fwpuclnt.dll
0x00007ff963580000 - 0x00007ff963589000 	C:\Users\PC\.vscode\extensions\redhat.java-1.31.0-win32-x64\jre\17.0.11-win32-x86_64\bin\extnet.dll

dbghelp: loaded successfully - version: 4.0.5 - missing functions: none
symbol engine: initialized successfully - sym options: 0x614 - pdb path: .;c:\Users\PC\.vscode\extensions\redhat.java-1.31.0-win32-x64\jre\17.0.11-win32-x86_64\bin;C:\Windows\SYSTEM32;C:\Windows\WinSxS\amd64_microsoft.windows.common-controls_6595b64144ccf1df_6.0.22621.3672_none_2713b9d173822955;c:\Users\PC\.vscode\extensions\redhat.java-1.31.0-win32-x64\jre\17.0.11-win32-x86_64\bin\server

VM Arguments:
jvm_args: -Xmx1024m -Dsts.lsp.client=vscode -Dsts.log.file=/dev/null -XX:TieredStopAtLevel=1 -Xlog:jni+resolve=off -Dspring.config.location=file:c:\Users\PC\.vscode\extensions\vmware.vscode-spring-boot-1.55.2024060404\language-server\BOOT-INF\classes\application.properties 
java_command: org.springframework.ide.vscode.boot.app.BootLanguageServerBootApp
java_class_path (initial): c:\Users\PC\.vscode\extensions\vmware.vscode-spring-boot-1.55.2024060404\language-server\BOOT-INF\classes;c:\Users\PC\.vscode\extensions\vmware.vscode-spring-boot-1.55.2024060404\language-server\BOOT-INF\lib\annotations-24.1.0.jar;c:\Users\PC\.vscode\extensions\vmware.vscode-spring-boot-1.55.2024060404\language-server\BOOT-INF\lib\antlr4-runtime-4.13.1.jar;c:\Users\PC\.vscode\extensions\vmware.vscode-spring-boot-1.55.2024060404\language-server\BOOT-INF\lib\asm-9.7.jar;c:\Users\PC\.vscode\extensions\vmware.vscode-spring-boot-1.55.2024060404\language-server\BOOT-INF\lib\asm-analysis-9.7.jar;c:\Users\PC\.vscode\extensions\vmware.vscode-spring-boot-1.55.2024060404\language-server\BOOT-INF\lib\asm-tree-9.7.jar;c:\Users\PC\.vscode\extensions\vmware.vscode-spring-boot-1.55.2024060404\language-server\BOOT-INF\lib\asm-util-9.7.jar;c:\Users\PC\.vscode\extensions\vmware.vscode-spring-boot-1.55.2024060404\language-server\BOOT-INF\lib\caffeine-3.1.8.jar;c:\Users\PC\.vscode\extensions\vmware.vscode-spring-boot-1.55.2024060404\language-server\BOOT-INF\lib\checker-qual-3.12.0.jar;c:\Users\PC\.vscode\extensions\vmware.vscode-spring-boot-1.55.2024060404\language-server\BOOT-INF\lib\classgraph-4.8.149.jar;c:\Users\PC\.vscode\extensions\vmware.vscode-spring-boot-1.55.2024060404\language-server\BOOT-INF\lib\commons-codec-1.16.1.jar;c:\Users\PC\.vscode\extensions\vmware.vscode-spring-boot-1.55.2024060404\language-server\BOOT-INF\lib\commons-compress-1.26.1.jar;c:\Users\PC\.vscode\extensions\vmware.vscode-spring-boot-1.55.2024060404\language-server\BOOT-INF\lib\commons-io-2.16.1.jar;c:\Users\PC\.vscode\extensions\vmware.vscode-spring-boot-1.55.2024060404\language-server\BOOT-INF\lib\commons-java-1.55.0-SNAPSHOT.jar;c:\Users\PC\.vscode\extensions\vmware.vscode-spring-boot-1.55.2024060404\language-server\BOOT-INF\lib\commons-lang3-3.14.0.jar;c:\Users\PC\.vscode\extensions\vmware.vscode-spring-boot-1.55.2024060404\language-server\BOOT-INF\lib\commons-language-ser
Launcher Type: SUN_STANDARD

[Global flags]
     intx CICompilerCount                          = 4                                         {product} {ergonomic}
     uint ConcGCThreads                            = 3                                         {product} {ergonomic}
     uint G1ConcRefinementThreads                  = 10                                        {product} {ergonomic}
   size_t G1HeapRegionSize                         = 1048576                                   {product} {ergonomic}
    uintx GCDrainStackTargetSize                   = 64                                        {product} {ergonomic}
   size_t InitialHeapSize                          = 125829120                                 {product} {ergonomic}
   size_t MarkStackSize                            = 4194304                                   {product} {ergonomic}
   size_t MaxHeapSize                              = 1073741824                                {product} {command line}
   size_t MaxNewSize                               = 643825664                                 {product} {ergonomic}
   size_t MinHeapDeltaBytes                        = 1048576                                   {product} {ergonomic}
   size_t MinHeapSize                              = 8388608                                   {product} {ergonomic}
    uintx NonProfiledCodeHeapSize                  = 0                                      {pd product} {ergonomic}
     bool ProfileInterpreter                       = false                                  {pd product} {command line}
    uintx ProfiledCodeHeapSize                     = 0                                      {pd product} {ergonomic}
   size_t SoftMaxHeapSize                          = 1073741824                             {manageable} {ergonomic}
     intx TieredStopAtLevel                        = 1                                         {product} {command line}
     bool UseCompressedClassPointers               = true                           {product lp64_product} {ergonomic}
     bool UseCompressedOops                        = true                           {product lp64_product} {ergonomic}
     bool UseG1GC                                  = true                                      {product} {ergonomic}
     bool UseLargePagesIndividualAllocation        = false                                  {pd product} {ergonomic}

Logging:
Log output configuration:
 #0: stdout all=warning,jni+resolve=off uptime,level,tags
 #1: stderr all=off uptime,level,tags

Environment Variables:
JAVA_HOME=C:\Program Files\Eclipse Adoptium\jdk-21.0.3.9-hotspot
PATH=C:\Program Files\Eclipse Adoptium\jdk-21.0.3.9-hotspot\bin;D:\app\oracle\19c\product\db_home\bin;C:\Program Files\Common Files\Oracle\Java\javapath;D:\app\oracle\21c\product\db_home\WINDOWS.X64_213000_db_home\bin;D:\app\oracle\product\21c\db_home\bin;D:\Nguyen\bin;C:\Windows\system32;C:\Windows;C:\Windows\System32\Wbem;C:\Windows\System32\WindowsPowerShell\v1.0\;C:\Windows\System32\OpenSSH\;C:\MinGW\bin;C:\Program Files (x86)\Microsoft SQL Server\160\Tools\Binn\;C:\Program Files\Microsoft SQL Server\160\Tools\Binn\;C:\Program Files\Microsoft SQL Server\Client SDK\ODBC\170\Tools\Binn\;C:\Program Files\Microsoft SQL Server\160\DTS\Binn\;C:\Program Files (x86)\Microsoft SQL Server\160\DTS\Binn\;C:\Program Files\Azure Data Studio\bin;C:\Users\PC\curl\bin;C:\Program Files\Git\cmd;D:\version mvn\apache-maven-3.9.6\bin;C:\Users\PC\AppData\Local\Programs\Eclipse Adoptium\jdk-17.0.10.7-hotspot\bin;C:\Users\PC\AppData\Local\Microsoft\WindowsApps;C:\Users\PC\AppData\Local\Programs\Microsoft VS Code\bin;C:\Program Files\Azure Data Studio\bin
USERNAME=PC
OS=Windows_NT
PROCESSOR_IDENTIFIER=AMD64 Family 25 Model 80 Stepping 0, AuthenticAMD
TMP=C:\Users\PC\AppData\Local\Temp
TEMP=C:\Users\PC\AppData\Local\Temp



Periodic native trim disabled


---------------  S Y S T E M  ---------------

OS:
 Windows 11 , 64 bit Build 22621 (10.0.22621.3672)
OS uptime: 4 days 1:35 hours
Hyper-V role detected

CPU: total 12 (initial active 12) (12 cores per cpu, 2 threads per core) family 25 model 80 stepping 0 microcode 0x0, cx8, cmov, fxsr, ht, mmx, 3dnowpref, sse, sse2, sse3, ssse3, sse4a, sse4.1, sse4.2, popcnt, lzcnt, tsc, tscinvbit, avx, avx2, aes, erms, clmul, bmi1, bmi2, adx, sha, fma, vzeroupper, clflush, clflushopt, hv
Processor Information for all 12 processors :
  Max Mhz: 3301, Current Mhz: 3301, Mhz Limit: 3301

Memory: 4k page, system-wide physical 7562M (232M free)
TotalPageFile size 31114M (AvailPageFile size 0M)
current process WorkingSet (physical memory assigned to process): 129M, peak: 271M
current process commit charge ("private bytes"): 291M, peak: 324M

vm_info: OpenJDK 64-Bit Server VM (17.0.11+9) for windows-amd64 JRE (17.0.11+9), built on Apr 17 2024 06:07:48 by "admin" with MS VC++ 16.10 / 16.11 (VS2019)

END.
