#
# There is insufficient memory for the Java Runtime Environment to continue.
# Native memory allocation (malloc) failed to allocate 2097152 bytes for AllocateHeap
# Possible reasons:
#   The system is out of physical RAM or swap space
#   The process is running with CompressedOops enabled, and the Java Heap may be blocking the growth of the native heap
# Possible solutions:
#   Reduce memory load on the system
#   Increase physical memory or swap space
#   Check if swap backing store is full
#   Decrease Java heap size (-Xmx/-Xms)
#   Decrease number of Java threads
#   Decrease Java thread stack sizes (-Xss)
#   Set larger code cache with -XX:ReservedCodeCacheSize=
#   JVM is running with Unscaled Compressed Oops mode in which the Java heap is
#     placed in the first 4GB address space. The Java Heap base address is the
#     maximum limit for the native heap growth. Please use -XX:HeapBaseMinAddress
#     to set the Java Heap base and to place the Java Heap above 4GB virtual address.
# This output file may be truncated or incomplete.
#
#  Out of Memory Error (allocation.cpp:44), pid=9084, tid=14144
#
# JRE version: OpenJDK Runtime Environment Temurin-17.0.10+7 (17.0.10+7) (build 17.0.10+7)
# Java VM: OpenJDK 64-Bit Server VM Temurin-17.0.10+7 (17.0.10+7, mixed mode, emulated-client, tiered, compressed oops, compressed class ptrs, g1 gc, windows-amd64)
# No core dump will be written. Minidumps are not enabled by default on client versions of Windows
#

---------------  S U M M A R Y ------------

Command Line: -Xmx1024m -Dsts.lsp.client=vscode -Dsts.log.file=/dev/null -XX:TieredStopAtLevel=1 -Xlog:jni+resolve=off -Dspring.config.location=file:c:\Users\PC\.vscode\extensions\vmware.vscode-spring-boot-1.55.2024050404\language-server\BOOT-INF\classes\application.properties org.springframework.ide.vscode.boot.app.BootLanguageServerBootApp

Host: AMD Ryzen 5 5600H with Radeon Graphics         , 12 cores, 7G,  Windows 11 , 64 bit Build 22621 (10.0.22621.3527)
Time: Sun May  5 22:02:36 2024 SE Asia Standard Time elapsed time: 554.294331 seconds (0d 0h 9m 14s)

---------------  T H R E A D  ---------------

Current thread (0x000002b4f838b830):  VMThread "VM Thread" [stack: 0x000000cb7a700000,0x000000cb7a800000] [id=14144]

Stack: [0x000000cb7a700000,0x000000cb7a800000]
Native frames: (J=compiled Java code, j=interpreted, Vv=VM code, C=native code)
V  [jvm.dll+0x67d2c9]
V  [jvm.dll+0x834afa]
V  [jvm.dll+0x8365be]
V  [jvm.dll+0x836c23]
V  [jvm.dll+0x2477ff]
V  [jvm.dll+0xa6c93]
V  [jvm.dll+0x2f86f1]
V  [jvm.dll+0x2f42e0]
V  [jvm.dll+0x2dc8c7]
V  [jvm.dll+0x31fb87]
V  [jvm.dll+0x83b11b]
V  [jvm.dll+0x83be61]
V  [jvm.dll+0x83c37d]
V  [jvm.dll+0x83c754]
V  [jvm.dll+0x83c820]
V  [jvm.dll+0x7e3fba]
V  [jvm.dll+0x67c1b5]
C  [ucrtbase.dll+0x29333]
C  [KERNEL32.DLL+0x1257d]
C  [ntdll.dll+0x5aa48]

VM_Operation (0x000000cb7bffefc0): G1CollectFull, mode: safepoint, requested by thread 0x000002b4fd751030


---------------  P R O C E S S  ---------------

Threads class SMR info:
_java_thread_list=0x000002b4fec9b5a0, length=27, elements={
0x000002b4f83a81d0, 0x000002b4f838ec40, 0x000002b4f83c1e40, 0x000002b4f83c2bd0,
0x000002b4f83c5ac0, 0x000002b4f84d9470, 0x000002b4f84e6c70, 0x000002b4f84e7990,
0x000002b4f86e9ef0, 0x000002b4f86f4f80, 0x000002b4fe3c0010, 0x000002b4fd751030,
0x000002b4fd751dc0, 0x000002b4eb02ca40, 0x000002b4fe370240, 0x000002b4fe427980,
0x000002b4fe032210, 0x000002b4fe032720, 0x000002b4fe4875b0, 0x000002b4fe486680,
0x000002b4fe486b90, 0x000002b4fe482ed0, 0x000002b4fe4829c0, 0x000002b4fe489410,
0x000002b4fe485240, 0x000002b4fe4833e0, 0x000002b4fe483e00
}

Java Threads: ( => current thread )
  0x000002b4f83a81d0 JavaThread "Reference Handler" daemon [_thread_blocked, id=5532, stack(0x000000cb7a800000,0x000000cb7a900000)]
  0x000002b4f838ec40 JavaThread "Finalizer" daemon [_thread_blocked, id=14408, stack(0x000000cb7a900000,0x000000cb7aa00000)]
  0x000002b4f83c1e40 JavaThread "Signal Dispatcher" daemon [_thread_blocked, id=13452, stack(0x000000cb7aa00000,0x000000cb7ab00000)]
  0x000002b4f83c2bd0 JavaThread "Attach Listener" daemon [_thread_blocked, id=3036, stack(0x000000cb7ab00000,0x000000cb7ac00000)]
  0x000002b4f83c5ac0 JavaThread "Service Thread" daemon [_thread_blocked, id=14424, stack(0x000000cb7ac00000,0x000000cb7ad00000)]
  0x000002b4f84d9470 JavaThread "Monitor Deflation Thread" daemon [_thread_blocked, id=7760, stack(0x000000cb7ad00000,0x000000cb7ae00000)]
  0x000002b4f84e6c70 JavaThread "C1 CompilerThread0" daemon [_thread_blocked, id=17656, stack(0x000000cb7ae00000,0x000000cb7af00000)]
  0x000002b4f84e7990 JavaThread "Sweeper thread" daemon [_thread_blocked, id=13964, stack(0x000000cb7af00000,0x000000cb7b000000)]
  0x000002b4f86e9ef0 JavaThread "Notification Thread" daemon [_thread_blocked, id=18456, stack(0x000000cb7b100000,0x000000cb7b200000)]
  0x000002b4f86f4f80 JavaThread "Common-Cleaner" daemon [_thread_blocked, id=17328, stack(0x000000cb7b300000,0x000000cb7b400000)]
  0x000002b4fe3c0010 JavaThread "boundedElastic-evictor-1" daemon [_thread_blocked, id=8724, stack(0x000000cb7b800000,0x000000cb7b900000)]
  0x000002b4fd751030 JavaThread "pool-13-thread-1" [_thread_blocked, id=8928, stack(0x000000cb7bf00000,0x000000cb7c000000)]
  0x000002b4fd751dc0 JavaThread "LanguageServerApp-lifecycle" [_thread_blocked, id=4292, stack(0x000000cb7c000000,0x000000cb7c100000)]
  0x000002b4eb02ca40 JavaThread "DestroyJavaVM" [_thread_blocked, id=8600, stack(0x000000cb7a100000,0x000000cb7a200000)]
  0x000002b4fe370240 JavaThread "pool-14-thread-1" [_thread_in_native, id=16092, stack(0x000000cb7c100000,0x000000cb7c200000)]
  0x000002b4fe427980 JavaThread "Simple-Language-Server main thread" daemon [_thread_blocked, id=4004, stack(0x000000cb7c200000,0x000000cb7c300000)]
  0x000002b4fe032210 JavaThread "pool-8-thread-1" [_thread_blocked, id=8948, stack(0x000000cb7c700000,0x000000cb7c800000)]
  0x000002b4fe032720 JavaThread "parallel-1" daemon [_thread_blocked, id=11640, stack(0x000000cb7c800000,0x000000cb7c900000)]
  0x000002b4fe4875b0 JavaThread "pool-6-thread-1" [_thread_blocked, id=17576, stack(0x000000cb7c900000,0x000000cb7ca00000)]
  0x000002b4fe486680 JavaThread "parallel-2" daemon [_thread_blocked, id=18760, stack(0x000000cb7ca00000,0x000000cb7cb00000)]
  0x000002b4fe486b90 JavaThread "parallel-3" daemon [_thread_blocked, id=18556, stack(0x000000cb7cb00000,0x000000cb7cc00000)]
  0x000002b4fe482ed0 JavaThread "parallel-4" daemon [_thread_blocked, id=17508, stack(0x000000cb7cc00000,0x000000cb7cd00000)]
  0x000002b4fe4829c0 JavaThread "parallel-5" daemon [_thread_blocked, id=6008, stack(0x000000cb7cd00000,0x000000cb7ce00000)]
  0x000002b4fe489410 JavaThread "Reconciler-1" daemon [_thread_blocked, id=7780, stack(0x000000cb7ce00000,0x000000cb7cf00000)]
  0x000002b4fe485240 JavaThread "parallel-6" daemon [_thread_blocked, id=16356, stack(0x000000cb79e00000,0x000000cb79f00000)]
  0x000002b4fe4833e0 JavaThread "parallel-7" daemon [_thread_blocked, id=18952, stack(0x000000cb7cf00000,0x000000cb7d000000)]
  0x000002b4fe483e00 JavaThread "parallel-8" daemon [_thread_blocked, id=8412, stack(0x000000cb7d000000,0x000000cb7d100000)]

Other Threads:
=>0x000002b4f838b830 VMThread "VM Thread" [stack: 0x000000cb7a700000,0x000000cb7a800000] [id=14144]
  0x000002b4f86ea3d0 WatcherThread [stack: 0x000000cb7b200000,0x000000cb7b300000] [id=5284]
  0x000002b4ed146d60 GCTaskThread "GC Thread#0" [stack: 0x000000cb7a200000,0x000000cb7a300000] [id=14040]
  0x000002b4fd8899f0 GCTaskThread "GC Thread#1" [stack: 0x000000cb7b000000,0x000000cb7b100000] [id=10060]
  0x000002b4f86039c0 GCTaskThread "GC Thread#2" [stack: 0x000000cb7b400000,0x000000cb7b500000] [id=14928]
  0x000002b4fd1a87c0 GCTaskThread "GC Thread#3" [stack: 0x000000cb7b500000,0x000000cb7b600000] [id=13148]
  0x000002b4fda49dc0 GCTaskThread "GC Thread#4" [stack: 0x000000cb7b600000,0x000000cb7b700000] [id=18512]
  0x000002b4fda512d0 GCTaskThread "GC Thread#5" [stack: 0x000000cb7b700000,0x000000cb7b800000] [id=11644]
  0x000002b4fdded110 GCTaskThread "GC Thread#6" [stack: 0x000000cb7b900000,0x000000cb7ba00000] [id=19356]
  0x000002b4fdded9f0 GCTaskThread "GC Thread#7" [stack: 0x000000cb7ba00000,0x000000cb7bb00000] [id=10972]
  0x000002b4fddedcb0 GCTaskThread "GC Thread#8" [stack: 0x000000cb7bb00000,0x000000cb7bc00000] [id=17800]
  0x000002b4fddee180 GCTaskThread "GC Thread#9" [stack: 0x000000cb7bc00000,0x000000cb7bd00000] [id=15512]
  0x000002b4ed1501d0 ConcurrentGCThread "G1 Main Marker" [stack: 0x000000cb7a300000,0x000000cb7a400000] [id=18268]
  0x000002b4ed150b00 ConcurrentGCThread "G1 Conc#0" [stack: 0x000000cb7a400000,0x000000cb7a500000] [id=17844]
  0x000002b4fdcb1f80 ConcurrentGCThread "G1 Conc#1" [stack: 0x000000cb7bd00000,0x000000cb7be00000] [id=5288]
  0x000002b4fdcfc840 ConcurrentGCThread "G1 Conc#2" [stack: 0x000000cb7be00000,0x000000cb7bf00000] [id=3556]
  0x000002b4ed1adb40 ConcurrentGCThread "G1 Refine#0" [stack: 0x000000cb7a500000,0x000000cb7a600000] [id=18536]
  0x000002b4ed1ae690 ConcurrentGCThread "G1 Service" [stack: 0x000000cb7a600000,0x000000cb7a700000] [id=15760]

Threads with active compile tasks:

VM state: at safepoint (normal execution)

VM Mutex/Monitor currently owned by a thread:  ([mutex/lock_event])
[0x000002b4eaf73810] Threads_lock - owner thread: 0x000002b4f838b830
[0x000002b4eaf6f0d0] Heap_lock - owner thread: 0x000002b4fd751030

Heap address: 0x00000000c0000000, size: 1024 MB, Compressed Oops mode: 32-bit

CDS archive(s) not mapped
Compressed class space mapped at: 0x0000000100000000-0x0000000140000000, reserved size: 1073741824
Narrow klass base: 0x0000000000000000, Narrow klass shift: 3, Narrow klass range: 0x140000000

GC Precious Log:
 CPUs: 12 total, 12 available
 Memory: 7562M
 Large Page Support: Disabled
 NUMA Support: Disabled
 Compressed Oops: Enabled (32-bit)
 Heap Region Size: 1M
 Heap Min Capacity: 8M
 Heap Initial Capacity: 120M
 Heap Max Capacity: 1G
 Pre-touch: Disabled
 Parallel Workers: 10
 Concurrent Workers: 3
 Concurrent Refinement Workers: 10
 Periodic GC: Disabled

Heap:
 garbage-first heap   total 76800K, used 36319K [0x00000000c0000000, 0x0000000100000000)
  region size 1024K, 1 young (1024K), 0 survivors (0K)
 Metaspace       used 58923K, committed 59456K, reserved 1114112K
  class space    used 7320K, committed 7552K, reserved 1048576K

Heap Regions: E=young(eden), S=young(survivor), O=old, HS=humongous(starts), HC=humongous(continues), CS=collection set, F=free, OA=open archive, CA=closed archive, TAMS=top-at-mark-start (previous, next)
|   0|0x00000000c0000000, 0x00000000c0100000, 0x00000000c0100000|100%|HS|  |TAMS 0x00000000c0100000, 0x00000000c0000000| Untracked 
|   1|0x00000000c0100000, 0x00000000c0200000, 0x00000000c0200000|100%|HC|  |TAMS 0x00000000c0200000, 0x00000000c0100000| Untracked 
|   2|0x00000000c0200000, 0x00000000c0300000, 0x00000000c0300000|100%|HC|  |TAMS 0x00000000c0300000, 0x00000000c0200000| Untracked 
|   3|0x00000000c0300000, 0x00000000c0400000, 0x00000000c0400000|100%|HC|  |TAMS 0x00000000c0400000, 0x00000000c0300000| Untracked 
|   4|0x00000000c0400000, 0x00000000c0500000, 0x00000000c0500000|100%|HS|  |TAMS 0x00000000c0500000, 0x00000000c0400000| Untracked 
|   5|0x00000000c0500000, 0x00000000c0600000, 0x00000000c0600000|100%|HC|  |TAMS 0x00000000c0600000, 0x00000000c0500000| Untracked 
|   6|0x00000000c0600000, 0x00000000c0700000, 0x00000000c0700000|100%| O|  |TAMS 0x00000000c0700000, 0x00000000c0600000| Untracked 
|   7|0x00000000c0700000, 0x00000000c0800000, 0x00000000c0800000|100%| O|  |TAMS 0x00000000c0800000, 0x00000000c0700000| Untracked 
|   8|0x00000000c0800000, 0x00000000c0900000, 0x00000000c0900000|100%| O|  |TAMS 0x00000000c0900000, 0x00000000c0800000| Untracked 
|   9|0x00000000c0900000, 0x00000000c0a00000, 0x00000000c0a00000|100%| O|  |TAMS 0x00000000c0a00000, 0x00000000c0900000| Untracked 
|  10|0x00000000c0a00000, 0x00000000c0b00000, 0x00000000c0b00000|100%| O|  |TAMS 0x00000000c0b00000, 0x00000000c0a00000| Untracked 
|  11|0x00000000c0b00000, 0x00000000c0c00000, 0x00000000c0c00000|100%| O|  |TAMS 0x00000000c0c00000, 0x00000000c0b00000| Untracked 
|  12|0x00000000c0c00000, 0x00000000c0d00000, 0x00000000c0d00000|100%| O|  |TAMS 0x00000000c0d00000, 0x00000000c0c00000| Untracked 
|  13|0x00000000c0d00000, 0x00000000c0e00000, 0x00000000c0e00000|100%| O|  |TAMS 0x00000000c0e00000, 0x00000000c0d00000| Untracked 
|  14|0x00000000c0e00000, 0x00000000c0f00000, 0x00000000c0f00000|100%| O|  |TAMS 0x00000000c0f00000, 0x00000000c0e00000| Untracked 
|  15|0x00000000c0f00000, 0x00000000c0ffffa0, 0x00000000c1000000| 99%| O|  |TAMS 0x00000000c0ffffa0, 0x00000000c0f00000| Untracked 
|  16|0x00000000c1000000, 0x00000000c10fffe0, 0x00000000c1100000| 99%| O|  |TAMS 0x00000000c10fffe0, 0x00000000c1000000| Untracked 
|  17|0x00000000c1100000, 0x00000000c11ffff8, 0x00000000c1200000| 99%| O|  |TAMS 0x00000000c11ffff8, 0x00000000c1100000| Untracked 
|  18|0x00000000c1200000, 0x00000000c12ffff8, 0x00000000c1300000| 99%| O|  |TAMS 0x00000000c12ffff8, 0x00000000c1200000| Untracked 
|  19|0x00000000c1300000, 0x00000000c13fffe0, 0x00000000c1400000| 99%| O|  |TAMS 0x00000000c13fffe0, 0x00000000c1300000| Untracked 
|  20|0x00000000c1400000, 0x00000000c14ffff8, 0x00000000c1500000| 99%| O|  |TAMS 0x00000000c14ffff8, 0x00000000c1400000| Untracked 
|  21|0x00000000c1500000, 0x00000000c15fffd8, 0x00000000c1600000| 99%| O|  |TAMS 0x00000000c15fffd8, 0x00000000c1500000| Untracked 
|  22|0x00000000c1600000, 0x00000000c1700000, 0x00000000c1700000|100%| O|  |TAMS 0x00000000c1700000, 0x00000000c1600000| Untracked 
|  23|0x00000000c1700000, 0x00000000c17fffc8, 0x00000000c1800000| 99%| O|  |TAMS 0x00000000c17fffc8, 0x00000000c1700000| Untracked 
|  24|0x00000000c1800000, 0x00000000c18ffff0, 0x00000000c1900000| 99%| O|  |TAMS 0x00000000c18ffff0, 0x00000000c1800000| Untracked 
|  25|0x00000000c1900000, 0x00000000c19ffff8, 0x00000000c1a00000| 99%| O|  |TAMS 0x00000000c19ffff8, 0x00000000c1900000| Untracked 
|  26|0x00000000c1a00000, 0x00000000c1afb4c8, 0x00000000c1b00000| 98%| O|  |TAMS 0x00000000c1afb4c8, 0x00000000c1a00000| Untracked 
|  27|0x00000000c1b00000, 0x00000000c1bfffb8, 0x00000000c1c00000| 99%| O|  |TAMS 0x00000000c1bfffb8, 0x00000000c1b00000| Untracked 
|  28|0x00000000c1c00000, 0x00000000c1d00000, 0x00000000c1d00000|100%|HS|  |TAMS 0x00000000c1d00000, 0x00000000c1c00000| Untracked 
|  29|0x00000000c1d00000, 0x00000000c1dffc38, 0x00000000c1e00000| 99%| O|  |TAMS 0x00000000c1dffc38, 0x00000000c1d00000| Untracked 
|  30|0x00000000c1e00000, 0x00000000c1effde8, 0x00000000c1f00000| 99%| O|  |TAMS 0x00000000c1effde8, 0x00000000c1e00000| Untracked 
|  31|0x00000000c1f00000, 0x00000000c1fe7e00, 0x00000000c2000000| 90%| O|  |TAMS 0x00000000c1f00000, 0x00000000c1f00000| Untracked 
|  32|0x00000000c2000000, 0x00000000c20fca20, 0x00000000c2100000| 98%| O|  |TAMS 0x00000000c20fca20, 0x00000000c2000000| Untracked 
|  33|0x00000000c2100000, 0x00000000c21e29b0, 0x00000000c2200000| 88%| O|  |TAMS 0x00000000c2100000, 0x00000000c2100000| Untracked 
|  34|0x00000000c2200000, 0x00000000c22b6050, 0x00000000c2300000| 71%| O|  |TAMS 0x00000000c2200000, 0x00000000c2200000| Untracked 
|  35|0x00000000c2300000, 0x00000000c23ffff8, 0x00000000c2400000| 99%| O|  |TAMS 0x00000000c23ffff8, 0x00000000c2300000| Untracked 
|  36|0x00000000c2400000, 0x00000000c2400000, 0x00000000c2500000|  0%| F|  |TAMS 0x00000000c2400000, 0x00000000c2400000| Untracked 
|  37|0x00000000c2500000, 0x00000000c2500000, 0x00000000c2600000|  0%| F|  |TAMS 0x00000000c2500000, 0x00000000c2500000| Untracked 
|  38|0x00000000c2600000, 0x00000000c2600000, 0x00000000c2700000|  0%| F|  |TAMS 0x00000000c2600000, 0x00000000c2600000| Untracked 
|  39|0x00000000c2700000, 0x00000000c2700000, 0x00000000c2800000|  0%| F|  |TAMS 0x00000000c2700000, 0x00000000c2700000| Untracked 
|  40|0x00000000c2800000, 0x00000000c2800000, 0x00000000c2900000|  0%| F|  |TAMS 0x00000000c2800000, 0x00000000c2800000| Untracked 
|  41|0x00000000c2900000, 0x00000000c2900000, 0x00000000c2a00000|  0%| F|  |TAMS 0x00000000c2900000, 0x00000000c2900000| Untracked 
|  42|0x00000000c2a00000, 0x00000000c2a00000, 0x00000000c2b00000|  0%| F|  |TAMS 0x00000000c2a00000, 0x00000000c2a00000| Untracked 
|  43|0x00000000c2b00000, 0x00000000c2b00000, 0x00000000c2c00000|  0%| F|  |TAMS 0x00000000c2b00000, 0x00000000c2b00000| Untracked 
|  44|0x00000000c2c00000, 0x00000000c2c00000, 0x00000000c2d00000|  0%| F|  |TAMS 0x00000000c2c00000, 0x00000000c2c00000| Untracked 
|  45|0x00000000c2d00000, 0x00000000c2d00000, 0x00000000c2e00000|  0%| F|  |TAMS 0x00000000c2d00000, 0x00000000c2d00000| Untracked 
|  46|0x00000000c2e00000, 0x00000000c2e00000, 0x00000000c2f00000|  0%| F|  |TAMS 0x00000000c2e00000, 0x00000000c2e00000| Untracked 
|  47|0x00000000c2f00000, 0x00000000c2f00000, 0x00000000c3000000|  0%| F|  |TAMS 0x00000000c2f00000, 0x00000000c2f00000| Untracked 
|  48|0x00000000c3000000, 0x00000000c3000000, 0x00000000c3100000|  0%| F|  |TAMS 0x00000000c3000000, 0x00000000c3000000| Untracked 
|  49|0x00000000c3100000, 0x00000000c3100000, 0x00000000c3200000|  0%| F|  |TAMS 0x00000000c3100000, 0x00000000c3100000| Untracked 
|  50|0x00000000c3200000, 0x00000000c3200000, 0x00000000c3300000|  0%| F|  |TAMS 0x00000000c3200000, 0x00000000c3200000| Untracked 
|  51|0x00000000c3300000, 0x00000000c3300000, 0x00000000c3400000|  0%| F|  |TAMS 0x00000000c3300000, 0x00000000c3300000| Untracked 
|  52|0x00000000c3400000, 0x00000000c3400000, 0x00000000c3500000|  0%| F|  |TAMS 0x00000000c3400000, 0x00000000c3400000| Untracked 
|  53|0x00000000c3500000, 0x00000000c3500000, 0x00000000c3600000|  0%| F|  |TAMS 0x00000000c3500000, 0x00000000c3500000| Untracked 
|  54|0x00000000c3600000, 0x00000000c3600000, 0x00000000c3700000|  0%| F|  |TAMS 0x00000000c3600000, 0x00000000c3600000| Untracked 
|  55|0x00000000c3700000, 0x00000000c3700000, 0x00000000c3800000|  0%| F|  |TAMS 0x00000000c3700000, 0x00000000c3700000| Untracked 
|  56|0x00000000c3800000, 0x00000000c3800000, 0x00000000c3900000|  0%| F|  |TAMS 0x00000000c3800000, 0x00000000c3800000| Untracked 
|  57|0x00000000c3900000, 0x00000000c3900000, 0x00000000c3a00000|  0%| F|  |TAMS 0x00000000c3900000, 0x00000000c3900000| Untracked 
|  58|0x00000000c3a00000, 0x00000000c3a00000, 0x00000000c3b00000|  0%| F|  |TAMS 0x00000000c3a00000, 0x00000000c3a00000| Untracked 
|  59|0x00000000c3b00000, 0x00000000c3b00000, 0x00000000c3c00000|  0%| F|  |TAMS 0x00000000c3b00000, 0x00000000c3b00000| Untracked 
|  60|0x00000000c3c00000, 0x00000000c3c00000, 0x00000000c3d00000|  0%| F|  |TAMS 0x00000000c3c00000, 0x00000000c3c00000| Untracked 
|  61|0x00000000c3d00000, 0x00000000c3d00000, 0x00000000c3e00000|  0%| F|  |TAMS 0x00000000c3d00000, 0x00000000c3d00000| Untracked 
|  62|0x00000000c3e00000, 0x00000000c3e00000, 0x00000000c3f00000|  0%| F|  |TAMS 0x00000000c3e00000, 0x00000000c3e00000| Untracked 
|  63|0x00000000c3f00000, 0x00000000c3f00000, 0x00000000c4000000|  0%| F|  |TAMS 0x00000000c3f00000, 0x00000000c3f00000| Untracked 
|  64|0x00000000c4000000, 0x00000000c4000000, 0x00000000c4100000|  0%| F|  |TAMS 0x00000000c4000000, 0x00000000c4000000| Untracked 
|  65|0x00000000c4100000, 0x00000000c4100000, 0x00000000c4200000|  0%| F|  |TAMS 0x00000000c4100000, 0x00000000c4100000| Untracked 
|  66|0x00000000c4200000, 0x00000000c4200000, 0x00000000c4300000|  0%| F|  |TAMS 0x00000000c4200000, 0x00000000c4200000| Untracked 
|  67|0x00000000c4300000, 0x00000000c4300000, 0x00000000c4400000|  0%| F|  |TAMS 0x00000000c4300000, 0x00000000c4300000| Untracked 
|  68|0x00000000c4400000, 0x00000000c4400000, 0x00000000c4500000|  0%| F|  |TAMS 0x00000000c4400000, 0x00000000c4400000| Untracked 
|  80|0x00000000c5000000, 0x00000000c5000000, 0x00000000c5100000|  0%| F|  |TAMS 0x00000000c5000000, 0x00000000c5000000| Untracked 
|  81|0x00000000c5100000, 0x00000000c5100000, 0x00000000c5200000|  0%| F|  |TAMS 0x00000000c5100000, 0x00000000c5100000| Untracked 
|  82|0x00000000c5200000, 0x00000000c5200000, 0x00000000c5300000|  0%| F|  |TAMS 0x00000000c5200000, 0x00000000c5200000| Untracked 
|  83|0x00000000c5300000, 0x00000000c5300000, 0x00000000c5400000|  0%| F|  |TAMS 0x00000000c5300000, 0x00000000c5300000| Untracked 
|  84|0x00000000c5400000, 0x00000000c5400000, 0x00000000c5500000|  0%| F|  |TAMS 0x00000000c5400000, 0x00000000c5400000| Untracked 
| 119|0x00000000c7700000, 0x00000000c7722fd0, 0x00000000c7800000| 13%| E|  |TAMS 0x00000000c7700000, 0x00000000c7700000| Complete 

Card table byte_map: [0x000002b4f32c0000,0x000002b4f34c0000] _byte_map_base: 0x000002b4f2cc0000

Marking Bits (Prev, Next): (CMBitMap*) 0x000002b4ed1472d0, (CMBitMap*) 0x000002b4ed147290
 Prev Bits: [0x000002b4f46c0000, 0x000002b4f56c0000)
 Next Bits: [0x000002b4f36c0000, 0x000002b4f46c0000)

Polling page: 0x000002b4eb030000

Metaspace:

Usage:
  Non-class:     50.39 MB used.
      Class:      7.15 MB used.
       Both:     57.54 MB used.

Virtual space:
  Non-class space:       64.00 MB reserved,      50.69 MB ( 79%) committed,  1 nodes.
      Class space:        1.00 GB reserved,       7.38 MB ( <1%) committed,  1 nodes.
             Both:        1.06 GB reserved,      58.06 MB (  5%) committed. 

Chunk freelists:
   Non-Class:  13.02 MB
       Class:  8.64 MB
        Both:  21.66 MB

MaxMetaspaceSize: unlimited
CompressedClassSpaceSize: 1.00 GB
Initial GC threshold: 21.00 MB
Current GC threshold: 96.69 MB
CDS: off
MetaspaceReclaimPolicy: balanced
 - commit_granule_bytes: 65536.
 - commit_granule_words: 8192.
 - virtual_space_node_default_size: 8388608.
 - enlarge_chunks_in_place: 1.
 - new_chunks_are_fully_committed: 0.
 - uncommit_free_chunks: 1.
 - use_allocation_guard: 0.
 - handle_deallocations: 1.


Internal statistics:

num_allocs_failed_limit: 6.
num_arena_births: 680.
num_arena_deaths: 250.
num_vsnodes_births: 2.
num_vsnodes_deaths: 0.
num_space_committed: 929.
num_space_uncommitted: 0.
num_chunks_returned_to_freelist: 305.
num_chunks_taken_from_freelist: 2638.
num_chunk_merges: 91.
num_chunk_splits: 1773.
num_chunks_enlarged: 1329.
num_inconsistent_stats: 0.

CodeCache: size=49152Kb used=9919Kb max_used=10475Kb free=39232Kb
 bounds [0x000002b4efd90000, 0x000002b4f0830000, 0x000002b4f2d90000]
 total_blobs=6129 nmethods=5461 adapters=595
 compilation: enabled
              stopped_count=0, restarted_count=0
 full_count=0

Compilation events (20 events):
Event: 455.680 Thread 0x000002b4fe682920 5452       1       org.eclipse.jdt.core.dom.ASTVisitor::visit (2 bytes)
Event: 455.680 Thread 0x000002b4fe682920 nmethod 5452 0x000002b4f071d010 code [0x000002b4f071d1a0, 0x000002b4f071d278]
Event: 455.683 Thread 0x000002b4fe682920 5453       1       java.util.stream.Nodes$FixedNodeBuilder::accept (61 bytes)
Event: 455.684 Thread 0x000002b4f84e6c70 5454       1       org.springframework.ide.vscode.boot.java.handlers.AbstractSymbolProvider::addSymbols (44 bytes)
Event: 455.684 Thread 0x000002b4f84e6c70 nmethod 5454 0x000002b4f071cc90 code [0x000002b4f071ce20, 0x000002b4f071cf38]
Event: 455.684 Thread 0x000002b4f84e6c70 5455       1       org.springframework.ide.vscode.boot.java.handlers.AbstractSymbolProvider::addSymbolsPass1 (1 bytes)
Event: 455.684 Thread 0x000002b4f84e6c70 nmethod 5455 0x000002b4f071c990 code [0x000002b4f071cb20, 0x000002b4f071cbd8]
Event: 455.685 Thread 0x000002b4fe682920 nmethod 5453 0x000002b4f071bd10 code [0x000002b4f071bf20, 0x000002b4f071c658]
Event: 455.685 Thread 0x000002b4f84e6c70 5456       1       java.util.concurrent.CompletableFuture::postFire (69 bytes)
Event: 455.686 Thread 0x000002b4f84e6c70 nmethod 5456 0x000002b4f071b810 code [0x000002b4f071b9c0, 0x000002b4f071bbc8]
Event: 463.969 Thread 0x000002b4f84e6c70 5457       1       java.util.concurrent.CompletableFuture$UniCompletion::claim (34 bytes)
Event: 463.969 Thread 0x000002b4f84e6c70 nmethod 5457 0x000002b4f071b190 code [0x000002b4f071b360, 0x000002b4f071b668]
Event: 463.969 Thread 0x000002b4f84e6c70 5458       1       java.util.concurrent.ForkJoinTask::compareAndSetForkJoinTaskTag (33 bytes)
Event: 463.970 Thread 0x000002b4f84e6c70 nmethod 5458 0x000002b4f071ab90 code [0x000002b4f071ad40, 0x000002b4f071afd8]
Event: 463.970 Thread 0x000002b4f84e6c70 5459       1       java.util.concurrent.ForkJoinTask::casStatus (10 bytes)
Event: 463.970 Thread 0x000002b4f84e6c70 nmethod 5459 0x000002b4f071a690 code [0x000002b4f071a840, 0x000002b4f071aa38]
Event: 469.075 Thread 0x000002b4f84e6c70 5460       1       java.lang.String::encodeASCII (151 bytes)
Event: 469.075 Thread 0x000002b4f84e6c70 nmethod 5460 0x000002b4f0719d10 code [0x000002b4f0719ee0, 0x000002b4f071a498]
Event: 503.665 Thread 0x000002b4f84e6c70 5461       1       java.util.concurrent.locks.LockSupport::parkNanos (29 bytes)
Event: 503.665 Thread 0x000002b4f84e6c70 nmethod 5461 0x000002b4f0719910 code [0x000002b4f0719ac0, 0x000002b4f0719ca8]

GC Heap History (20 events):
Event: 412.811 GC heap before
{Heap before GC invocations=49 (full 31):
 garbage-first heap   total 76800K, used 36834K [0x00000000c0000000, 0x0000000100000000)
  region size 1024K, 1 young (1024K), 0 survivors (0K)
 Metaspace       used 58912K, committed 59456K, reserved 1114112K
  class space    used 7316K, committed 7552K, reserved 1048576K
}
Event: 412.837 GC heap after
{Heap after GC invocations=50 (full 32):
 garbage-first heap   total 76800K, used 36834K [0x00000000c0000000, 0x0000000100000000)
  region size 1024K, 0 young (0K), 0 survivors (0K)
 Metaspace       used 58912K, committed 59456K, reserved 1114112K
  class space    used 7316K, committed 7552K, reserved 1048576K
}
Event: 422.959 GC heap before
{Heap before GC invocations=50 (full 32):
 garbage-first heap   total 76800K, used 36834K [0x00000000c0000000, 0x0000000100000000)
  region size 1024K, 1 young (1024K), 0 survivors (0K)
 Metaspace       used 58912K, committed 59456K, reserved 1114112K
  class space    used 7316K, committed 7552K, reserved 1048576K
}
Event: 422.988 GC heap after
{Heap after GC invocations=51 (full 33):
 garbage-first heap   total 76800K, used 36834K [0x00000000c0000000, 0x0000000100000000)
  region size 1024K, 0 young (0K), 0 survivors (0K)
 Metaspace       used 58912K, committed 59456K, reserved 1114112K
  class space    used 7316K, committed 7552K, reserved 1048576K
}
Event: 433.110 GC heap before
{Heap before GC invocations=51 (full 33):
 garbage-first heap   total 76800K, used 36834K [0x00000000c0000000, 0x0000000100000000)
  region size 1024K, 1 young (1024K), 0 survivors (0K)
 Metaspace       used 58912K, committed 59456K, reserved 1114112K
  class space    used 7316K, committed 7552K, reserved 1048576K
}
Event: 433.138 GC heap after
{Heap after GC invocations=52 (full 34):
 garbage-first heap   total 76800K, used 36834K [0x00000000c0000000, 0x0000000100000000)
  region size 1024K, 0 young (0K), 0 survivors (0K)
 Metaspace       used 58912K, committed 59456K, reserved 1114112K
  class space    used 7316K, committed 7552K, reserved 1048576K
}
Event: 443.247 GC heap before
{Heap before GC invocations=52 (full 34):
 garbage-first heap   total 76800K, used 36834K [0x00000000c0000000, 0x0000000100000000)
  region size 1024K, 1 young (1024K), 0 survivors (0K)
 Metaspace       used 58912K, committed 59456K, reserved 1114112K
  class space    used 7316K, committed 7552K, reserved 1048576K
}
Event: 443.275 GC heap after
{Heap after GC invocations=53 (full 35):
 garbage-first heap   total 76800K, used 36834K [0x00000000c0000000, 0x0000000100000000)
  region size 1024K, 0 young (0K), 0 survivors (0K)
 Metaspace       used 58912K, committed 59456K, reserved 1114112K
  class space    used 7316K, committed 7552K, reserved 1048576K
}
Event: 453.425 GC heap before
{Heap before GC invocations=53 (full 35):
 garbage-first heap   total 76800K, used 36834K [0x00000000c0000000, 0x0000000100000000)
  region size 1024K, 1 young (1024K), 0 survivors (0K)
 Metaspace       used 58912K, committed 59456K, reserved 1114112K
  class space    used 7316K, committed 7552K, reserved 1048576K
}
Event: 453.459 GC heap after
{Heap after GC invocations=54 (full 36):
 garbage-first heap   total 76800K, used 36834K [0x00000000c0000000, 0x0000000100000000)
  region size 1024K, 0 young (0K), 0 survivors (0K)
 Metaspace       used 58912K, committed 59456K, reserved 1114112K
  class space    used 7316K, committed 7552K, reserved 1048576K
}
Event: 503.635 GC heap before
{Heap before GC invocations=54 (full 36):
 garbage-first heap   total 76800K, used 39906K [0x00000000c0000000, 0x0000000100000000)
  region size 1024K, 4 young (4096K), 0 survivors (0K)
 Metaspace       used 58923K, committed 59456K, reserved 1114112K
  class space    used 7320K, committed 7552K, reserved 1048576K
}
Event: 503.665 GC heap after
{Heap after GC invocations=55 (full 37):
 garbage-first heap   total 76800K, used 36493K [0x00000000c0000000, 0x0000000100000000)
  region size 1024K, 0 young (0K), 0 survivors (0K)
 Metaspace       used 58923K, committed 59456K, reserved 1114112K
  class space    used 7320K, committed 7552K, reserved 1048576K
}
Event: 513.800 GC heap before
{Heap before GC invocations=55 (full 37):
 garbage-first heap   total 76800K, used 36493K [0x00000000c0000000, 0x0000000100000000)
  region size 1024K, 1 young (1024K), 0 survivors (0K)
 Metaspace       used 58923K, committed 59456K, reserved 1114112K
  class space    used 7320K, committed 7552K, reserved 1048576K
}
Event: 513.832 GC heap after
{Heap after GC invocations=56 (full 38):
 garbage-first heap   total 76800K, used 36326K [0x00000000c0000000, 0x0000000100000000)
  region size 1024K, 0 young (0K), 0 survivors (0K)
 Metaspace       used 58923K, committed 59456K, reserved 1114112K
  class space    used 7320K, committed 7552K, reserved 1048576K
}
Event: 523.950 GC heap before
{Heap before GC invocations=56 (full 38):
 garbage-first heap   total 76800K, used 36326K [0x00000000c0000000, 0x0000000100000000)
  region size 1024K, 1 young (1024K), 0 survivors (0K)
 Metaspace       used 58923K, committed 59456K, reserved 1114112K
  class space    used 7320K, committed 7552K, reserved 1048576K
}
Event: 523.980 GC heap after
{Heap after GC invocations=57 (full 39):
 garbage-first heap   total 76800K, used 36320K [0x00000000c0000000, 0x0000000100000000)
  region size 1024K, 0 young (0K), 0 survivors (0K)
 Metaspace       used 58923K, committed 59456K, reserved 1114112K
  class space    used 7320K, committed 7552K, reserved 1048576K
}
Event: 534.089 GC heap before
{Heap before GC invocations=57 (full 39):
 garbage-first heap   total 76800K, used 36320K [0x00000000c0000000, 0x0000000100000000)
  region size 1024K, 1 young (1024K), 0 survivors (0K)
 Metaspace       used 58923K, committed 59456K, reserved 1114112K
  class space    used 7320K, committed 7552K, reserved 1048576K
}
Event: 534.120 GC heap after
{Heap after GC invocations=58 (full 40):
 garbage-first heap   total 76800K, used 36319K [0x00000000c0000000, 0x0000000100000000)
  region size 1024K, 0 young (0K), 0 survivors (0K)
 Metaspace       used 58923K, committed 59456K, reserved 1114112K
  class space    used 7320K, committed 7552K, reserved 1048576K
}
Event: 544.221 GC heap before
{Heap before GC invocations=58 (full 40):
 garbage-first heap   total 76800K, used 36319K [0x00000000c0000000, 0x0000000100000000)
  region size 1024K, 1 young (1024K), 0 survivors (0K)
 Metaspace       used 58923K, committed 59456K, reserved 1114112K
  class space    used 7320K, committed 7552K, reserved 1048576K
}
Event: 544.247 GC heap after
{Heap after GC invocations=59 (full 41):
 garbage-first heap   total 76800K, used 36319K [0x00000000c0000000, 0x0000000100000000)
  region size 1024K, 0 young (0K), 0 survivors (0K)
 Metaspace       used 58923K, committed 59456K, reserved 1114112K
  class space    used 7320K, committed 7552K, reserved 1048576K
}

Dll operation events (10 events):
Event: 0.009 Loaded shared library c:\Users\PC\.vscode\extensions\redhat.java-1.30.0-win32-x64\jre\17.0.10-win32-x86_64\bin\java.dll
Event: 0.255 Loaded shared library C:\Users\PC\.vscode\extensions\redhat.java-1.30.0-win32-x64\jre\17.0.10-win32-x86_64\bin\net.dll
Event: 0.257 Loaded shared library C:\Users\PC\.vscode\extensions\redhat.java-1.30.0-win32-x64\jre\17.0.10-win32-x86_64\bin\nio.dll
Event: 0.785 Loaded shared library C:\Users\PC\.vscode\extensions\redhat.java-1.30.0-win32-x64\jre\17.0.10-win32-x86_64\bin\zip.dll
Event: 10.399 Loaded shared library C:\Users\PC\.vscode\extensions\redhat.java-1.30.0-win32-x64\jre\17.0.10-win32-x86_64\bin\jimage.dll
Event: 12.628 Loaded shared library c:\Users\PC\.vscode\extensions\redhat.java-1.30.0-win32-x64\jre\17.0.10-win32-x86_64\bin\verify.dll
Event: 17.172 Loaded shared library C:\Users\PC\.vscode\extensions\redhat.java-1.30.0-win32-x64\jre\17.0.10-win32-x86_64\bin\management.dll
Event: 17.177 Loaded shared library C:\Users\PC\.vscode\extensions\redhat.java-1.30.0-win32-x64\jre\17.0.10-win32-x86_64\bin\management_ext.dll
Event: 18.386 Loaded shared library C:\Users\PC\.vscode\extensions\redhat.java-1.30.0-win32-x64\jre\17.0.10-win32-x86_64\bin\sunmscapi.dll
Event: 18.650 Loaded shared library C:\Users\PC\.vscode\extensions\redhat.java-1.30.0-win32-x64\jre\17.0.10-win32-x86_64\bin\extnet.dll

Deoptimization events (10 events):
Event: 17.483 Thread 0x000002b4fe370240 DEOPT PACKING pc=0x000002b4f018ff81 sp=0x000000cb7c1fe000
Event: 17.483 Thread 0x000002b4fe370240 DEOPT UNPACKING pc=0x000002b4efde7143 sp=0x000000cb7c1fd490 mode 3
Event: 17.510 Thread 0x000002b4fe427980 DEOPT PACKING pc=0x000002b4f016f597 sp=0x000000cb7c2ff3e0
Event: 17.510 Thread 0x000002b4fe427980 DEOPT UNPACKING pc=0x000002b4efde7143 sp=0x000000cb7c2fe838 mode 3
Event: 18.461 Thread 0x000002b4fe487fd0 DEOPT PACKING pc=0x000002b4eff7c30c sp=0x000000cb7cffae40
Event: 18.461 Thread 0x000002b4fe487fd0 DEOPT UNPACKING pc=0x000002b4efde7143 sp=0x000000cb7cffa308 mode 0
Event: 289.339 Thread 0x000002b4fe370240 DEOPT PACKING pc=0x000002b4f0264b54 sp=0x000000cb7c1ff300
Event: 289.339 Thread 0x000002b4fe370240 DEOPT UNPACKING pc=0x000002b4efde7143 sp=0x000000cb7c1fe7a8 mode 0
Event: 289.621 Thread 0x000002b4fe486170 DEOPT PACKING pc=0x000002b4f033ada4 sp=0x000000cb7a0ff2c0
Event: 289.621 Thread 0x000002b4fe486170 DEOPT UNPACKING pc=0x000002b4efde7143 sp=0x000000cb7a0fe7a8 mode 0

Classes unloaded (20 events):
Event: 67.417 Thread 0x000002b4f838b830 Unloading class 0x000000010008a000 'java/lang/invoke/LambdaForm$MH+0x000000010008a000'
Event: 67.417 Thread 0x000002b4f838b830 Unloading class 0x0000000100089c00 'java/lang/invoke/LambdaForm$MH+0x0000000100089c00'
Event: 67.417 Thread 0x000002b4f838b830 Unloading class 0x0000000100089800 'java/lang/invoke/LambdaForm$MH+0x0000000100089800'
Event: 67.417 Thread 0x000002b4f838b830 Unloading class 0x0000000100089400 'java/lang/invoke/LambdaForm$MH+0x0000000100089400'
Event: 67.417 Thread 0x000002b4f838b830 Unloading class 0x0000000100088c00 'java/lang/invoke/LambdaForm$MH+0x0000000100088c00'
Event: 67.417 Thread 0x000002b4f838b830 Unloading class 0x0000000100088400 'java/lang/invoke/LambdaForm$MH+0x0000000100088400'
Event: 341.737 Thread 0x000002b4f838b830 Unloading class 0x00000001003b1800 'java/lang/invoke/LambdaForm$MH+0x00000001003b1800'
Event: 341.738 Thread 0x000002b4f838b830 Unloading class 0x00000001003b4800 'java/lang/invoke/LambdaForm$MH+0x00000001003b4800'
Event: 341.738 Thread 0x000002b4f838b830 Unloading class 0x0000000100408000 'java/lang/invoke/LambdaForm$MH+0x0000000100408000'
Event: 341.738 Thread 0x000002b4f838b830 Unloading class 0x0000000100408800 'java/lang/invoke/LambdaForm$MH+0x0000000100408800'
Event: 341.738 Thread 0x000002b4f838b830 Unloading class 0x000000010042c400 'java/lang/invoke/LambdaForm$MH+0x000000010042c400'
Event: 341.738 Thread 0x000002b4f838b830 Unloading class 0x000000010042e000 'java/lang/invoke/LambdaForm$MH+0x000000010042e000'
Event: 341.738 Thread 0x000002b4f838b830 Unloading class 0x0000000100484400 'java/lang/invoke/LambdaForm$MH+0x0000000100484400'
Event: 341.738 Thread 0x000002b4f838b830 Unloading class 0x0000000100514400 'java/lang/invoke/LambdaForm$MH+0x0000000100514400'
Event: 341.738 Thread 0x000002b4f838b830 Unloading class 0x000000010055d000 'java/lang/invoke/LambdaForm$MH+0x000000010055d000'
Event: 341.738 Thread 0x000002b4f838b830 Unloading class 0x000000010055d800 'java/lang/invoke/LambdaForm$MH+0x000000010055d800'
Event: 341.738 Thread 0x000002b4f838b830 Unloading class 0x0000000100561c00 'java/lang/invoke/LambdaForm$MH+0x0000000100561c00'
Event: 341.738 Thread 0x000002b4f838b830 Unloading class 0x00000001005b2800 'java/lang/invoke/LambdaForm$MH+0x00000001005b2800'
Event: 341.738 Thread 0x000002b4f838b830 Unloading class 0x00000001005b3000 'java/lang/invoke/LambdaForm$MH+0x00000001005b3000'
Event: 341.738 Thread 0x000002b4f838b830 Unloading class 0x00000001006c4000 'java/lang/invoke/LambdaForm$MH+0x00000001006c4000'

Classes redefined (0 events):
No events

Internal exceptions (20 events):
Event: 18.174 Thread 0x000002b4fe489410 Exception <a 'java/lang/NoSuchMethodError'{0x00000000c52d8a80}: 'java.lang.Object java.lang.invoke.DirectMethodHandle$Holder.newInvokeSpecial(java.lang.Object, java.lang.Object, java.lang.Object, java.lang.Object, java.lang.Object, long)'> (0x00000000c52d8a80) 
thrown [s\src\hotspot\share\interpreter\linkResolver.cpp, line 759]
Event: 18.175 Thread 0x000002b4fe489410 Exception <a 'java/lang/NoSuchMethodError'{0x00000000c52dd0f0}: 'java.lang.Object java.lang.invoke.DirectMethodHandle$Holder.invokeSpecial(java.lang.Object, java.lang.Object, java.lang.Object, java.lang.Object, java.lang.Object, java.lang.Object, long)'> (0x00000000c52dd0f0) 
thrown [s\src\hotspot\share\interpreter\linkResolver.cpp, line 759]
Event: 18.204 Thread 0x000002b4fe487fd0 Exception <a 'java/lang/NoSuchMethodError'{0x00000000c507b578}: 'void java.lang.invoke.DirectMethodHandle$Holder.invokeVirtual(java.lang.Object, java.lang.Object, java.lang.Object, java.lang.Object)'> (0x00000000c507b578) 
thrown [s\src\hotspot\share\interpreter\linkResolver.cpp, line 759]
Event: 18.317 Thread 0x000002b4fe487fd0 Exception <a 'java/lang/NoSuchMethodError'{0x00000000c3a9a300}: 'java.lang.Object java.lang.invoke.DirectMethodHandle$Holder.invokeStatic(java.lang.Object, java.lang.Object, int, java.lang.Object)'> (0x00000000c3a9a300) 
thrown [s\src\hotspot\share\interpreter\linkResolver.cpp, line 759]
Event: 18.318 Thread 0x000002b4fe487fd0 Exception <a 'java/lang/NoSuchMethodError'{0x00000000c3aa06e0}: 'java.lang.Object java.lang.invoke.DirectMethodHandle$Holder.newInvokeSpecial(java.lang.Object, java.lang.Object, int)'> (0x00000000c3aa06e0) 
thrown [s\src\hotspot\share\interpreter\linkResolver.cpp, line 759]
Event: 18.457 Thread 0x000002b4fe487fd0 Exception <a 'sun/nio/fs/WindowsException'{0x00000000c50377e8}> (0x00000000c50377e8) 
thrown [s\src\hotspot\share\prims\jni.cpp, line 516]
Event: 18.508 Thread 0x000002b4fe4889f0 Exception <a 'java/lang/NoSuchMethodError'{0x00000000c3d6a780}: 'java.lang.Object java.lang.invoke.Invokers$Holder.invoke_MT(java.lang.Object, java.lang.Object, java.lang.Object)'> (0x00000000c3d6a780) 
thrown [s\src\hotspot\share\interpreter\linkResolver.cpp, line 759]
Event: 19.159 Thread 0x000002b4fe4889f0 Exception <a 'java/lang/IncompatibleClassChangeError'{0x00000000c77a5c08}: Found class java.lang.Object, but interface was expected> (0x00000000c77a5c08) 
thrown [s\src\hotspot\share\interpreter\linkResolver.cpp, line 826]
Event: 19.226 Thread 0x000002b4fe4889f0 Exception <a 'java/lang/NoSuchMethodError'{0x00000000c3a93c70}: 'int java.lang.invoke.DirectMethodHandle$Holder.invokeSpecialIFC(java.lang.Object, java.lang.Object, java.lang.Object)'> (0x00000000c3a93c70) 
thrown [s\src\hotspot\share\interpreter\linkResolver.cpp, line 759]
Event: 19.307 Thread 0x000002b4fe4889f0 Exception <a 'java/lang/NoSuchMethodError'{0x00000000c5310858}: 'int java.lang.invoke.DirectMethodHandle$Holder.invokeStatic(java.lang.Object, int, java.lang.Object)'> (0x00000000c5310858) 
thrown [s\src\hotspot\share\interpreter\linkResolver.cpp, line 759]
Event: 57.179 Thread 0x000002b4fd751030 Exception <a 'java/lang/NoSuchMethodError'{0x00000000c53992c0}: 'void java.lang.invoke.DirectMethodHandle$Holder.invokeStatic(java.lang.Object, long)'> (0x00000000c53992c0) 
thrown [s\src\hotspot\share\interpreter\linkResolver.cpp, line 759]
Event: 57.179 Thread 0x000002b4fd751030 Exception <a 'java/lang/NoSuchMethodError'{0x00000000c539e668}: 'java.lang.Object java.lang.invoke.DirectMethodHandle$Holder.newInvokeSpecial(java.lang.Object, long)'> (0x00000000c539e668) 
thrown [s\src\hotspot\share\interpreter\linkResolver.cpp, line 759]
Event: 289.469 Thread 0x000002b4fe4870a0 Exception <a 'java/lang/NoSuchMethodError'{0x00000000c5339ae0}: 'int java.lang.invoke.DirectMethodHandle$Holder.invokeVirtual(java.lang.Object, java.lang.Object, int)'> (0x00000000c5339ae0) 
thrown [s\src\hotspot\share\interpreter\linkResolver.cpp, line 759]
Event: 292.825 Thread 0x000002b4fe486170 Exception <a 'java/lang/NoSuchMethodError'{0x00000000c3d02c80}: 'java.lang.Object java.lang.invoke.DirectMethodHandle$Holder.invokeStaticInit(java.lang.Object, java.lang.Object, java.lang.Object, java.lang.Object)'> (0x00000000c3d02c80) 
thrown [s\src\hotspot\share\interpreter\linkResolver.cpp, line 759]
Event: 292.828 Thread 0x000002b4fe486170 Exception <a 'java/lang/IncompatibleClassChangeError'{0x00000000c3d1e090}: Found class java.lang.Object, but interface was expected> (0x00000000c3d1e090) 
thrown [s\src\hotspot\share\interpreter\linkResolver.cpp, line 826]
Event: 292.829 Thread 0x000002b4fe486170 Exception <a 'java/lang/IncompatibleClassChangeError'{0x00000000c3d39228}: Found class java.lang.Object, but interface was expected> (0x00000000c3d39228) 
thrown [s\src\hotspot\share\interpreter\linkResolver.cpp, line 826]
Event: 292.835 Thread 0x000002b4fe486170 Exception <a 'java/lang/IncompatibleClassChangeError'{0x00000000c3d8c6e8}: Found class java.lang.Object, but interface was expected> (0x00000000c3d8c6e8) 
thrown [s\src\hotspot\share\interpreter\linkResolver.cpp, line 826]
Event: 321.002 Thread 0x000002b4fe4838f0 Exception <a 'java/io/IOException'{0x00000000c77cdc08}> (0x00000000c77cdc08) 
thrown [s\src\hotspot\share\prims\jni.cpp, line 516]
Event: 321.082 Thread 0x000002b4fe487ac0 Exception <a 'java/io/IOException'{0x00000000c77d9aa8}> (0x00000000c77d9aa8) 
thrown [s\src\hotspot\share\prims\jni.cpp, line 516]
Event: 321.572 Thread 0x000002b4fe484d30 Exception <a 'java/io/IOException'{0x00000000c77deaa0}> (0x00000000c77deaa0) 
thrown [s\src\hotspot\share\prims\jni.cpp, line 516]

VM Operations (20 events):
Event: 443.275 Executing VM operation: G1CollectFull done
Event: 453.425 Executing VM operation: G1CollectFull
Event: 453.460 Executing VM operation: G1CollectFull done
Event: 456.493 Executing VM operation: Cleanup
Event: 456.493 Executing VM operation: Cleanup done
Event: 469.623 Executing VM operation: Cleanup
Event: 469.623 Executing VM operation: Cleanup done
Event: 481.217 Executing VM operation: HandshakeAllThreads
Event: 481.217 Executing VM operation: HandshakeAllThreads done
Event: 503.635 Executing VM operation: G1CollectFull
Event: 503.665 Executing VM operation: G1CollectFull done
Event: 513.800 Executing VM operation: G1CollectFull
Event: 513.832 Executing VM operation: G1CollectFull done
Event: 523.950 Executing VM operation: G1CollectFull
Event: 523.980 Executing VM operation: G1CollectFull done
Event: 534.089 Executing VM operation: G1CollectFull
Event: 534.120 Executing VM operation: G1CollectFull done
Event: 544.221 Executing VM operation: G1CollectFull
Event: 544.247 Executing VM operation: G1CollectFull done
Event: 554.291 Executing VM operation: G1CollectFull

Events (20 events):
Event: 356.688 Thread 0x000002b4fe486170 Thread exited: 0x000002b4fe486170
Event: 381.003 Thread 0x000002b4fe489920 Thread exited: 0x000002b4fe489920
Event: 381.081 Thread 0x000002b4fe48a340 Thread exited: 0x000002b4fe48a340
Event: 381.097 Thread 0x000002b4fe487ac0 Thread exited: 0x000002b4fe487ac0
Event: 381.586 Thread 0x000002b4fe4838f0 Thread exited: 0x000002b4fe4838f0
Event: 381.586 Thread 0x000002b4fe484d30 Thread exited: 0x000002b4fe484d30
Event: 455.475 Thread 0x000002b4fe486170 Thread added: 0x000002b4fe486170
Event: 455.486 Thread 0x000002b4fe487ac0 Thread added: 0x000002b4fe487ac0
Event: 455.508 Thread 0x000002b4fe48a340 Thread added: 0x000002b4fe48a340
Event: 455.521 Thread 0x000002b4fe4838f0 Thread added: 0x000002b4fe4838f0
Event: 455.521 Thread 0x000002b4fe489920 Thread added: 0x000002b4fe489920
Event: 455.658 Thread 0x000002b4fe484310 Thread added: 0x000002b4fe484310
Event: 455.665 Thread 0x000002b4fe682920 Thread added: 0x000002b4fe682920
Event: 460.693 Thread 0x000002b4fe682920 Thread exited: 0x000002b4fe682920
Event: 515.634 Thread 0x000002b4fe486170 Thread exited: 0x000002b4fe486170
Event: 515.650 Thread 0x000002b4fe48a340 Thread exited: 0x000002b4fe48a340
Event: 515.665 Thread 0x000002b4fe489920 Thread exited: 0x000002b4fe489920
Event: 515.696 Thread 0x000002b4fe4838f0 Thread exited: 0x000002b4fe4838f0
Event: 515.696 Thread 0x000002b4fe487ac0 Thread exited: 0x000002b4fe487ac0
Event: 529.079 Thread 0x000002b4fe484310 Thread exited: 0x000002b4fe484310


Dynamic libraries:
0x00007ff7c6da0000 - 0x00007ff7c6dae000 	c:\Users\PC\.vscode\extensions\redhat.java-1.30.0-win32-x64\jre\17.0.10-win32-x86_64\bin\java.exe
0x00007ffe62f70000 - 0x00007ffe63187000 	C:\Windows\SYSTEM32\ntdll.dll
0x00007ffe61ff0000 - 0x00007ffe620b4000 	C:\Windows\System32\KERNEL32.DLL
0x00007ffe608f0000 - 0x00007ffe60c97000 	C:\Windows\System32\KERNELBASE.dll
0x00007ffe60570000 - 0x00007ffe60681000 	C:\Windows\System32\ucrtbase.dll
0x00007ffe5a090000 - 0x00007ffe5a0a7000 	c:\Users\PC\.vscode\extensions\redhat.java-1.30.0-win32-x64\jre\17.0.10-win32-x86_64\bin\jli.dll
0x00007ffe60e10000 - 0x00007ffe60fbe000 	C:\Windows\System32\USER32.dll
0x00007ffe5a770000 - 0x00007ffe5a78b000 	c:\Users\PC\.vscode\extensions\redhat.java-1.30.0-win32-x64\jre\17.0.10-win32-x86_64\bin\VCRUNTIME140.dll
0x00007ffe60290000 - 0x00007ffe602b6000 	C:\Windows\System32\win32u.dll
0x00007ffe5f5b0000 - 0x00007ffe5f843000 	C:\Windows\WinSxS\amd64_microsoft.windows.common-controls_6595b64144ccf1df_6.0.22621.3527_none_270e469b73872a76\COMCTL32.dll
0x00007ffe60d30000 - 0x00007ffe60d59000 	C:\Windows\System32\GDI32.dll
0x00007ffe603b0000 - 0x00007ffe604c9000 	C:\Windows\System32\gdi32full.dll
0x00007ffe604d0000 - 0x00007ffe6056a000 	C:\Windows\System32\msvcp_win.dll
0x00007ffe613e0000 - 0x00007ffe61487000 	C:\Windows\System32\msvcrt.dll
0x00007ffe60dd0000 - 0x00007ffe60e01000 	C:\Windows\System32\IMM32.DLL
0x00007ffe5a7b0000 - 0x00007ffe5a7bc000 	c:\Users\PC\.vscode\extensions\redhat.java-1.30.0-win32-x64\jre\17.0.10-win32-x86_64\bin\vcruntime140_1.dll
0x00007ffe460b0000 - 0x00007ffe4613d000 	c:\Users\PC\.vscode\extensions\redhat.java-1.30.0-win32-x64\jre\17.0.10-win32-x86_64\bin\msvcp140.dll
0x00007ffda0630000 - 0x00007ffda1292000 	c:\Users\PC\.vscode\extensions\redhat.java-1.30.0-win32-x64\jre\17.0.10-win32-x86_64\bin\server\jvm.dll
0x00007ffe61e30000 - 0x00007ffe61ee2000 	C:\Windows\System32\ADVAPI32.dll
0x00007ffe62290000 - 0x00007ffe62338000 	C:\Windows\System32\sechost.dll
0x00007ffe602c0000 - 0x00007ffe602e8000 	C:\Windows\System32\bcrypt.dll
0x00007ffe62d10000 - 0x00007ffe62e25000 	C:\Windows\System32\RPCRT4.dll
0x00007ffe60150000 - 0x00007ffe6019d000 	C:\Windows\SYSTEM32\POWRPROF.dll
0x00007ffe465a0000 - 0x00007ffe465a9000 	C:\Windows\SYSTEM32\WSOCK32.dll
0x00007ffe61040000 - 0x00007ffe610b1000 	C:\Windows\System32\WS2_32.dll
0x00007ffe57d70000 - 0x00007ffe57da4000 	C:\Windows\SYSTEM32\WINMM.dll
0x00007ffe5ea70000 - 0x00007ffe5ea7a000 	C:\Windows\SYSTEM32\VERSION.dll
0x00007ffe60130000 - 0x00007ffe60143000 	C:\Windows\SYSTEM32\UMPDC.dll
0x00007ffe5e350000 - 0x00007ffe5e368000 	C:\Windows\SYSTEM32\kernel.appcore.dll
0x00007ffe5a6b0000 - 0x00007ffe5a6ba000 	c:\Users\PC\.vscode\extensions\redhat.java-1.30.0-win32-x64\jre\17.0.10-win32-x86_64\bin\jimage.dll
0x00007ffe5fb00000 - 0x00007ffe5fd33000 	C:\Windows\SYSTEM32\DBGHELP.DLL
0x00007ffe624f0000 - 0x00007ffe62878000 	C:\Windows\System32\combase.dll
0x00007ffe61ef0000 - 0x00007ffe61fc7000 	C:\Windows\System32\OLEAUT32.dll
0x00007ffe5f9f0000 - 0x00007ffe5fa22000 	C:\Windows\SYSTEM32\dbgcore.DLL
0x00007ffe60700000 - 0x00007ffe60779000 	C:\Windows\System32\bcryptPrimitives.dll
0x00007ffe4ead0000 - 0x00007ffe4eaf5000 	c:\Users\PC\.vscode\extensions\redhat.java-1.30.0-win32-x64\jre\17.0.10-win32-x86_64\bin\java.dll
0x00007ffe52fe0000 - 0x00007ffe52ff8000 	c:\Users\PC\.vscode\extensions\redhat.java-1.30.0-win32-x64\jre\17.0.10-win32-x86_64\bin\zip.dll
0x00007ffe61510000 - 0x00007ffe61d6c000 	C:\Windows\System32\SHELL32.dll
0x00007ffe5d260000 - 0x00007ffe5db56000 	C:\Windows\SYSTEM32\windows.storage.dll
0x00007ffe5d120000 - 0x00007ffe5d25e000 	C:\Windows\SYSTEM32\wintypes.dll
0x00007ffe62340000 - 0x00007ffe62435000 	C:\Windows\System32\SHCORE.dll
0x00007ffe62440000 - 0x00007ffe6249e000 	C:\Windows\System32\shlwapi.dll
0x00007ffe601c0000 - 0x00007ffe601e1000 	C:\Windows\SYSTEM32\profapi.dll
0x00007ffe52e30000 - 0x00007ffe52e49000 	C:\Users\PC\.vscode\extensions\redhat.java-1.30.0-win32-x64\jre\17.0.10-win32-x86_64\bin\net.dll
0x00007ffe59460000 - 0x00007ffe59596000 	C:\Windows\SYSTEM32\WINHTTP.dll
0x00007ffe5e740000 - 0x00007ffe5e7a9000 	C:\Windows\system32\mswsock.dll
0x00007ffe528e0000 - 0x00007ffe528f6000 	C:\Users\PC\.vscode\extensions\redhat.java-1.30.0-win32-x64\jre\17.0.10-win32-x86_64\bin\nio.dll
0x00007ffe53f30000 - 0x00007ffe53f40000 	c:\Users\PC\.vscode\extensions\redhat.java-1.30.0-win32-x64\jre\17.0.10-win32-x86_64\bin\verify.dll
0x00007ffe5fe30000 - 0x00007ffe5fe4b000 	C:\Windows\SYSTEM32\CRYPTSP.dll
0x00007ffe5e2b0000 - 0x00007ffe5e2e5000 	C:\Windows\system32\rsaenh.dll
0x00007ffe5e840000 - 0x00007ffe5e868000 	C:\Windows\SYSTEM32\USERENV.dll
0x00007ffe5e9c0000 - 0x00007ffe5e9cc000 	C:\Windows\SYSTEM32\CRYPTBASE.dll
0x00007ffe5ddc0000 - 0x00007ffe5dded000 	C:\Windows\SYSTEM32\IPHLPAPI.DLL
0x00007ffe61fe0000 - 0x00007ffe61fe9000 	C:\Windows\System32\NSI.dll
0x00007ffe595b0000 - 0x00007ffe595c9000 	C:\Windows\SYSTEM32\dhcpcsvc6.DLL
0x00007ffe58ff0000 - 0x00007ffe5900f000 	C:\Windows\SYSTEM32\dhcpcsvc.DLL
0x00007ffe5ddf0000 - 0x00007ffe5dee9000 	C:\Windows\SYSTEM32\DNSAPI.dll
0x00007ffe524b0000 - 0x00007ffe524b9000 	C:\Users\PC\.vscode\extensions\redhat.java-1.30.0-win32-x64\jre\17.0.10-win32-x86_64\bin\management.dll
0x00007ffe52350000 - 0x00007ffe5235b000 	C:\Users\PC\.vscode\extensions\redhat.java-1.30.0-win32-x64\jre\17.0.10-win32-x86_64\bin\management_ext.dll
0x00007ffe61d70000 - 0x00007ffe61d78000 	C:\Windows\System32\PSAPI.DLL
0x00007ffe525c0000 - 0x00007ffe525ce000 	C:\Users\PC\.vscode\extensions\redhat.java-1.30.0-win32-x64\jre\17.0.10-win32-x86_64\bin\sunmscapi.dll
0x00007ffe60780000 - 0x00007ffe608e7000 	C:\Windows\System32\CRYPT32.dll
0x00007ffe5f440000 - 0x00007ffe5f46e000 	C:\Windows\SYSTEM32\ncrypt.dll
0x00007ffe5f400000 - 0x00007ffe5f437000 	C:\Windows\SYSTEM32\NTASN1.dll
0x00007ffe595a0000 - 0x00007ffe595aa000 	C:\Windows\System32\rasadhlp.dll
0x00007ffe57710000 - 0x00007ffe57793000 	C:\Windows\System32\fwpuclnt.dll
0x00007ffe52340000 - 0x00007ffe52349000 	C:\Users\PC\.vscode\extensions\redhat.java-1.30.0-win32-x64\jre\17.0.10-win32-x86_64\bin\extnet.dll

dbghelp: loaded successfully - version: 4.0.5 - missing functions: none
symbol engine: initialized successfully - sym options: 0x614 - pdb path: .;c:\Users\PC\.vscode\extensions\redhat.java-1.30.0-win32-x64\jre\17.0.10-win32-x86_64\bin;C:\Windows\SYSTEM32;C:\Windows\WinSxS\amd64_microsoft.windows.common-controls_6595b64144ccf1df_6.0.22621.3527_none_270e469b73872a76;c:\Users\PC\.vscode\extensions\redhat.java-1.30.0-win32-x64\jre\17.0.10-win32-x86_64\bin\server

VM Arguments:
jvm_args: -Xmx1024m -Dsts.lsp.client=vscode -Dsts.log.file=/dev/null -XX:TieredStopAtLevel=1 -Xlog:jni+resolve=off -Dspring.config.location=file:c:\Users\PC\.vscode\extensions\vmware.vscode-spring-boot-1.55.2024050404\language-server\BOOT-INF\classes\application.properties 
java_command: org.springframework.ide.vscode.boot.app.BootLanguageServerBootApp
java_class_path (initial): c:\Users\PC\.vscode\extensions\vmware.vscode-spring-boot-1.55.2024050404\language-server\BOOT-INF\classes;c:\Users\PC\.vscode\extensions\vmware.vscode-spring-boot-1.55.2024050404\language-server\BOOT-INF\lib\annotations-24.1.0.jar;c:\Users\PC\.vscode\extensions\vmware.vscode-spring-boot-1.55.2024050404\language-server\BOOT-INF\lib\antlr4-runtime-4.13.1.jar;c:\Users\PC\.vscode\extensions\vmware.vscode-spring-boot-1.55.2024050404\language-server\BOOT-INF\lib\asm-9.7.jar;c:\Users\PC\.vscode\extensions\vmware.vscode-spring-boot-1.55.2024050404\language-server\BOOT-INF\lib\asm-analysis-9.7.jar;c:\Users\PC\.vscode\extensions\vmware.vscode-spring-boot-1.55.2024050404\language-server\BOOT-INF\lib\asm-tree-9.7.jar;c:\Users\PC\.vscode\extensions\vmware.vscode-spring-boot-1.55.2024050404\language-server\BOOT-INF\lib\asm-util-9.7.jar;c:\Users\PC\.vscode\extensions\vmware.vscode-spring-boot-1.55.2024050404\language-server\BOOT-INF\lib\caffeine-3.1.8.jar;c:\Users\PC\.vscode\extensions\vmware.vscode-spring-boot-1.55.2024050404\language-server\BOOT-INF\lib\checker-qual-3.12.0.jar;c:\Users\PC\.vscode\extensions\vmware.vscode-spring-boot-1.55.2024050404\language-server\BOOT-INF\lib\classgraph-4.8.149.jar;c:\Users\PC\.vscode\extensions\vmware.vscode-spring-boot-1.55.2024050404\language-server\BOOT-INF\lib\commons-codec-1.16.1.jar;c:\Users\PC\.vscode\extensions\vmware.vscode-spring-boot-1.55.2024050404\language-server\BOOT-INF\lib\commons-compress-1.26.1.jar;c:\Users\PC\.vscode\extensions\vmware.vscode-spring-boot-1.55.2024050404\language-server\BOOT-INF\lib\commons-io-2.16.1.jar;c:\Users\PC\.vscode\extensions\vmware.vscode-spring-boot-1.55.2024050404\language-server\BOOT-INF\lib\commons-java-1.55.0-SNAPSHOT.jar;c:\Users\PC\.vscode\extensions\vmware.vscode-spring-boot-1.55.2024050404\language-server\BOOT-INF\lib\commons-lang3-3.13.0.jar;c:\Users\PC\.vscode\extensions\vmware.vscode-spring-boot-1.55.2024050404\language-server\BOOT-INF\lib\commons-language-ser
Launcher Type: SUN_STANDARD

[Global flags]
     intx CICompilerCount                          = 4                                         {product} {ergonomic}
     uint ConcGCThreads                            = 3                                         {product} {ergonomic}
     uint G1ConcRefinementThreads                  = 10                                        {product} {ergonomic}
   size_t G1HeapRegionSize                         = 1048576                                   {product} {ergonomic}
    uintx GCDrainStackTargetSize                   = 64                                        {product} {ergonomic}
   size_t InitialHeapSize                          = 125829120                                 {product} {ergonomic}
   size_t MarkStackSize                            = 4194304                                   {product} {ergonomic}
   size_t MaxHeapSize                              = 1073741824                                {product} {command line}
   size_t MaxNewSize                               = 643825664                                 {product} {ergonomic}
   size_t MinHeapDeltaBytes                        = 1048576                                   {product} {ergonomic}
   size_t MinHeapSize                              = 8388608                                   {product} {ergonomic}
    uintx NonProfiledCodeHeapSize                  = 0                                      {pd product} {ergonomic}
     bool ProfileInterpreter                       = false                                  {pd product} {command line}
    uintx ProfiledCodeHeapSize                     = 0                                      {pd product} {ergonomic}
   size_t SoftMaxHeapSize                          = 1073741824                             {manageable} {ergonomic}
     intx TieredStopAtLevel                        = 1                                         {product} {command line}
     bool UseCompressedClassPointers               = true                           {product lp64_product} {ergonomic}
     bool UseCompressedOops                        = true                           {product lp64_product} {ergonomic}
     bool UseG1GC                                  = true                                      {product} {ergonomic}
     bool UseLargePagesIndividualAllocation        = false                                  {pd product} {ergonomic}

Logging:
Log output configuration:
 #0: stdout all=warning,jni+resolve=off uptime,level,tags
 #1: stderr all=off uptime,level,tags

Environment Variables:
JAVA_HOME=C:\Program Files\Eclipse Adoptium\jdk-21.0.3.9-hotspot
PATH=C:\Program Files\Eclipse Adoptium\jdk-21.0.3.9-hotspot\bin;D:\app\oracle\19c\product\db_home\bin;C:\Program Files\Common Files\Oracle\Java\javapath;D:\app\oracle\21c\product\db_home\WINDOWS.X64_213000_db_home\bin;D:\app\oracle\product\21c\db_home\bin;D:\Nguyen\bin;C:\Windows\system32;C:\Windows;C:\Windows\System32\Wbem;C:\Windows\System32\WindowsPowerShell\v1.0\;C:\Windows\System32\OpenSSH\;C:\MinGW\bin;C:\Program Files (x86)\Microsoft SQL Server\160\Tools\Binn\;C:\Program Files\Microsoft SQL Server\160\Tools\Binn\;C:\Program Files\Microsoft SQL Server\Client SDK\ODBC\170\Tools\Binn\;C:\Program Files\Microsoft SQL Server\160\DTS\Binn\;C:\Program Files (x86)\Microsoft SQL Server\160\DTS\Binn\;C:\Program Files\Azure Data Studio\bin;C:\Users\PC\curl\bin;C:\Program Files\Git\cmd;D:\version mvn\apache-maven-3.9.6\bin;C:\Users\PC\AppData\Local\Programs\Eclipse Adoptium\jdk-17.0.10.7-hotspot\bin;C:\Users\PC\AppData\Local\Microsoft\WindowsApps;C:\Users\PC\AppData\Local\Programs\Microsoft VS Code\bin;C:\Program Files\Azure Data Studio\bin
USERNAME=PC
OS=Windows_NT
PROCESSOR_IDENTIFIER=AMD64 Family 25 Model 80 Stepping 0, AuthenticAMD
TMP=C:\Users\PC\AppData\Local\Temp
TEMP=C:\Users\PC\AppData\Local\Temp



Periodic native trim disabled


---------------  S Y S T E M  ---------------

OS:
 Windows 11 , 64 bit Build 22621 (10.0.22621.3527)
OS uptime: 0 days 3:18 hours
Hyper-V role detected

CPU: total 12 (initial active 12) (12 cores per cpu, 2 threads per core) family 25 model 80 stepping 0 microcode 0x0, cx8, cmov, fxsr, ht, mmx, 3dnowpref, sse, sse2, sse3, ssse3, sse4a, sse4.1, sse4.2, popcnt, lzcnt, tsc, tscinvbit, avx, avx2, aes, erms, clmul, bmi1, bmi2, adx, sha, fma, vzeroupper, clflush, clflushopt, hv
Processor Information for all 12 processors :
  Max Mhz: 3301, Current Mhz: 3301, Mhz Limit: 3301

Memory: 4k page, system-wide physical 7562M (242M free)
TotalPageFile size 31114M (AvailPageFile size 6M)
current process WorkingSet (physical memory assigned to process): 89M, peak: 200M
current process commit charge ("private bytes"): 248M, peak: 262M

vm_info: OpenJDK 64-Bit Server VM (17.0.10+7) for windows-amd64 JRE (17.0.10+7), built on Jan 16 2024 23:25:11 by "admin" with MS VC++ 16.10 / 16.11 (VS2019)

END.
